[0.119s] Invoking command in '/home/vivek/nav/turtle_ws/build/turtlebot3_fake_node': CMAKE_PREFIX_PATH=${CMAKE_PREFIX_PATH}:/opt/ros/humble /usr/bin/cmake /home/vivek/nav/turtle_ws/src/turtlebot3_fake_node -DCMAKE_INSTALL_PREFIX=/home/vivek/nav/turtle_ws/install/turtlebot3_fake_node
[0.166s] -- The C compiler identification is GNU 11.4.0
[0.215s] -- The CXX compiler identification is GNU 11.4.0
[0.225s] -- Detecting C compiler ABI info
[0.276s] -- Detecting C compiler ABI info - done
[0.287s] -- Check for working C compiler: /usr/lib/ccache/cc - skipped
[0.287s] -- Detecting C compile features
[0.287s] -- Detecting C compile features - done
[0.291s] -- Detecting CXX compiler ABI info
[0.349s] -- Detecting CXX compiler ABI info - done
[0.360s] -- Check for working CXX compiler: /usr/lib/ccache/c++ - skipped
[0.361s] -- Detecting CXX compile features
[0.361s] -- Detecting CXX compile features - done
[0.365s] -- Found ament_cmake: 1.3.8 (/opt/ros/humble/share/ament_cmake/cmake)
[0.488s] -- Found Python3: /usr/bin/python3 (found version "3.10.12") found components: Interpreter 
[0.574s] -- Found geometry_msgs: 4.2.3 (/opt/ros/humble/share/geometry_msgs/cmake)
[0.624s] -- Found rosidl_generator_c: 3.1.5 (/opt/ros/humble/share/rosidl_generator_c/cmake)
[0.632s] -- Found rosidl_adapter: 3.1.5 (/opt/ros/humble/share/rosidl_adapter/cmake)
[0.643s] -- Found rosidl_generator_cpp: 3.1.5 (/opt/ros/humble/share/rosidl_generator_cpp/cmake)
[0.661s] -- Using all available rosidl_typesupport_c: rosidl_typesupport_fastrtps_c;rosidl_typesupport_introspection_c
[0.683s] -- Using all available rosidl_typesupport_cpp: rosidl_typesupport_fastrtps_cpp;rosidl_typesupport_introspection_cpp
[0.804s] -- Found nav_msgs: 4.2.3 (/opt/ros/humble/share/nav_msgs/cmake)
[0.874s] -- Found rclcpp: 16.0.8 (/opt/ros/humble/share/rclcpp/cmake)
[0.941s] -- Found rmw_implementation_cmake: 6.1.1 (/opt/ros/humble/share/rmw_implementation_cmake/cmake)
[0.945s] -- Found rmw_cyclonedds_cpp: 1.3.4 (/opt/ros/humble/share/rmw_cyclonedds_cpp/cmake)
[0.984s] -- Using RMW implementation 'rmw_cyclonedds_cpp' as default
[0.995s] -- Looking for pthread.h
[1.069s] -- Looking for pthread.h - found
[1.069s] -- Performing Test CMAKE_HAVE_LIBC_PTHREAD
[1.144s] -- Performing Test CMAKE_HAVE_LIBC_PTHREAD - Success
[1.145s] -- Found Threads: TRUE  
[1.259s] -- Found sensor_msgs: 4.2.3 (/opt/ros/humble/share/sensor_msgs/cmake)
[1.331s] -- Found tf2: 0.25.6 (/opt/ros/humble/share/tf2/cmake)
[1.347s] -- Found tf2_msgs: 0.25.6 (/opt/ros/humble/share/tf2_msgs/cmake)
[1.475s] -- Found turtlebot3_msgs: 2.2.3 (/opt/ros/humble/share/turtlebot3_msgs/cmake)
[1.593s] -- Configuring done
[1.602s] -- Generating done
[1.603s] -- Build files have been written to: /home/vivek/nav/turtle_ws/build/turtlebot3_fake_node
[1.611s] Invoked command in '/home/vivek/nav/turtle_ws/build/turtlebot3_fake_node' returned '0': CMAKE_PREFIX_PATH=${CMAKE_PREFIX_PATH}:/opt/ros/humble /usr/bin/cmake /home/vivek/nav/turtle_ws/src/turtlebot3_fake_node -DCMAKE_INSTALL_PREFIX=/home/vivek/nav/turtle_ws/install/turtlebot3_fake_node
[1.613s] Invoking command in '/home/vivek/nav/turtle_ws/build/turtlebot3_fake_node': CMAKE_PREFIX_PATH=${CMAKE_PREFIX_PATH}:/opt/ros/humble /usr/bin/cmake --build /home/vivek/nav/turtle_ws/build/turtlebot3_fake_node -- -j8 -l8
[1.655s] [ 50%] [32mBuilding CXX object CMakeFiles/turtlebot3_fake_node.dir/src/turtlebot3_fake_node.cpp.o[0m
[16.106s] [100%] [32m[1mLinking CXX executable turtlebot3_fake_node[0m
[16.991s] [100%] Built target turtlebot3_fake_node
[17.005s] Invoked command in '/home/vivek/nav/turtle_ws/build/turtlebot3_fake_node' returned '0': CMAKE_PREFIX_PATH=${CMAKE_PREFIX_PATH}:/opt/ros/humble /usr/bin/cmake --build /home/vivek/nav/turtle_ws/build/turtlebot3_fake_node -- -j8 -l8
[17.046s] Invoking command in '/home/vivek/nav/turtle_ws/build/turtlebot3_fake_node': CMAKE_PREFIX_PATH=${CMAKE_PREFIX_PATH}:/opt/ros/humble /usr/bin/cmake --install /home/vivek/nav/turtle_ws/build/turtlebot3_fake_node
[17.056s] -- Install configuration: ""
[17.057s] -- Installing: /home/vivek/nav/turtle_ws/install/turtlebot3_fake_node/lib/turtlebot3_fake_node/turtlebot3_fake_node
[17.060s] -- Set runtime path of "/home/vivek/nav/turtle_ws/install/turtlebot3_fake_node/lib/turtlebot3_fake_node/turtlebot3_fake_node" to ""
[17.061s] -- Installing: /home/vivek/nav/turtle_ws/install/turtlebot3_fake_node/share/turtlebot3_fake_node/launch
[17.061s] -- Installing: /home/vivek/nav/turtle_ws/install/turtlebot3_fake_node/share/turtlebot3_fake_node/launch/turtlebot3_fake_node.launch.py
[17.061s] -- Installing: /home/vivek/nav/turtle_ws/install/turtlebot3_fake_node/share/turtlebot3_fake_node/launch/rviz2.launch.py
[17.061s] -- Installing: /home/vivek/nav/turtle_ws/install/turtlebot3_fake_node/share/turtlebot3_fake_node/param
[17.061s] -- Installing: /home/vivek/nav/turtle_ws/install/turtlebot3_fake_node/share/turtlebot3_fake_node/param/waffle.yaml
[17.062s] -- Installing: /home/vivek/nav/turtle_ws/install/turtlebot3_fake_node/share/turtlebot3_fake_node/param/waffle_pi.yaml
[17.062s] -- Installing: /home/vivek/nav/turtle_ws/install/turtlebot3_fake_node/share/turtlebot3_fake_node/param/burger.yaml
[17.062s] -- Installing: /home/vivek/nav/turtle_ws/install/turtlebot3_fake_node/include/
[17.062s] -- Installing: /home/vivek/nav/turtle_ws/install/turtlebot3_fake_node/include//turtlebot3_fake_node
[17.062s] -- Installing: /home/vivek/nav/turtle_ws/install/turtlebot3_fake_node/include//turtlebot3_fake_node/turtlebot3_fake_node.hpp
[17.063s] -- Installing: /home/vivek/nav/turtle_ws/install/turtlebot3_fake_node/share/ament_index/resource_index/package_run_dependencies/turtlebot3_fake_node
[17.063s] -- Installing: /home/vivek/nav/turtle_ws/install/turtlebot3_fake_node/share/ament_index/resource_index/parent_prefix_path/turtlebot3_fake_node
[17.064s] -- Installing: /home/vivek/nav/turtle_ws/install/turtlebot3_fake_node/share/turtlebot3_fake_node/environment/ament_prefix_path.sh
[17.064s] -- Installing: /home/vivek/nav/turtle_ws/install/turtlebot3_fake_node/share/turtlebot3_fake_node/environment/ament_prefix_path.dsv
[17.064s] -- Installing: /home/vivek/nav/turtle_ws/install/turtlebot3_fake_node/share/turtlebot3_fake_node/environment/path.sh
[17.064s] -- Installing: /home/vivek/nav/turtle_ws/install/turtlebot3_fake_node/share/turtlebot3_fake_node/environment/path.dsv
[17.064s] -- Installing: /home/vivek/nav/turtle_ws/install/turtlebot3_fake_node/share/turtlebot3_fake_node/local_setup.bash
[17.064s] -- Installing: /home/vivek/nav/turtle_ws/install/turtlebot3_fake_node/share/turtlebot3_fake_node/local_setup.sh
[17.065s] -- Installing: /home/vivek/nav/turtle_ws/install/turtlebot3_fake_node/share/turtlebot3_fake_node/local_setup.zsh
[17.065s] -- Installing: /home/vivek/nav/turtle_ws/install/turtlebot3_fake_node/share/turtlebot3_fake_node/local_setup.dsv
[17.065s] -- Installing: /home/vivek/nav/turtle_ws/install/turtlebot3_fake_node/share/turtlebot3_fake_node/package.dsv
[17.065s] -- Installing: /home/vivek/nav/turtle_ws/install/turtlebot3_fake_node/share/ament_index/resource_index/packages/turtlebot3_fake_node
[17.065s] -- Installing: /home/vivek/nav/turtle_ws/install/turtlebot3_fake_node/share/turtlebot3_fake_node/cmake/ament_cmake_export_include_directories-extras.cmake
[17.065s] -- Installing: /home/vivek/nav/turtle_ws/install/turtlebot3_fake_node/share/turtlebot3_fake_node/cmake/ament_cmake_export_dependencies-extras.cmake
[17.065s] -- Installing: /home/vivek/nav/turtle_ws/install/turtlebot3_fake_node/share/turtlebot3_fake_node/cmake/turtlebot3_fake_nodeConfig.cmake
[17.065s] -- Installing: /home/vivek/nav/turtle_ws/install/turtlebot3_fake_node/share/turtlebot3_fake_node/cmake/turtlebot3_fake_nodeConfig-version.cmake
[17.066s] -- Installing: /home/vivek/nav/turtle_ws/install/turtlebot3_fake_node/share/turtlebot3_fake_node/package.xml
[17.068s] Invoked command in '/home/vivek/nav/turtle_ws/build/turtlebot3_fake_node' returned '0': CMAKE_PREFIX_PATH=${CMAKE_PREFIX_PATH}:/opt/ros/humble /usr/bin/cmake --install /home/vivek/nav/turtle_ws/build/turtlebot3_fake_node
