[0.063s] Invoking command in '/home/vivek/nav/turtle_ws/build/turtlebot3_gazebo': CMAKE_PREFIX_PATH=${CMAKE_PREFIX_PATH}:/opt/ros/humble /usr/bin/cmake /home/vivek/nav/turtle_ws/src/turtlebot3_gazebo -DCMAKE_INSTALL_PREFIX=/home/vivek/nav/turtle_ws/install/turtlebot3_gazebo
[0.105s] -- The C compiler identification is GNU 11.4.0
[0.154s] -- The CXX compiler identification is GNU 11.4.0
[0.165s] -- Detecting C compiler ABI info
[0.215s] -- Detecting C compiler ABI info - done
[0.226s] -- Check for working C compiler: /usr/lib/ccache/cc - skipped
[0.226s] -- Detecting C compile features
[0.226s] -- Detecting C compile features - done
[0.230s] -- Detecting CXX compiler ABI info
[0.288s] -- Detecting CXX compiler ABI info - done
[0.295s] -- Check for working CXX compiler: /usr/lib/ccache/c++ - skipped
[0.295s] -- Detecting CXX compile features
[0.295s] -- Detecting CXX compile features - done
[0.298s] -- Found ament_cmake: 1.3.8 (/opt/ros/humble/share/ament_cmake/cmake)
[0.420s] -- Found Python3: /usr/bin/python3 (found version "3.10.12") found components: Interpreter 
[0.514s] -- Found PkgConfig: /usr/bin/pkg-config (found version "0.29.2") 
[0.514s] [33mCMake Warning (dev) at /usr/share/cmake-3.22/Modules/FindPackageHandleStandardArgs.cmake:438 (message):
[0.514s]   The package name passed to `find_package_handle_standard_args` (PkgConfig)
[0.514s]   does not match the name of the calling package (gazebo).  This can lead to
[0.514s]   problems in calling code that expects `find_package` result variables
[0.514s]   (e.g., `_FOUND`) to follow a certain pattern.
[0.514s] Call Stack (most recent call first):
[0.514s]   /usr/share/cmake-3.22/Modules/FindPkgConfig.cmake:99 (find_package_handle_standard_args)
[0.514s]   /usr/lib/x86_64-linux-gnu/cmake/gazebo/gazebo-config.cmake:72 (include)
[0.515s]   CMakeLists.txt:23 (find_package)
[0.515s] This warning is for project developers.  Use -Wno-dev to suppress it.
[0.515s] [0m
[0.518s] -- Checking for module 'bullet>=2.82'
[0.530s] --   Found bullet, version 3.05
[0.622s] -- Found fcl: /usr/include (found suitable version "0.7.0", minimum required is "0.5.0") 
[0.665s] -- Found assimp: /usr/include (found version "5.2.0") 
[0.689s] -- Found DART: /usr/include (Required is at least version "6.6") found components: dart 
[0.869s] -- Found Boost: /usr/lib/x86_64-linux-gnu/cmake/Boost-1.74.0/BoostConfig.cmake (found suitable version "1.74.0", minimum required is "1.40.0") found components: thread system filesystem program_options regex iostreams date_time 
[0.887s] -- Found Protobuf: /usr/lib/x86_64-linux-gnu/libprotobuf.so (found version "3.12.4") 
[0.897s] -- Looking for ignition-math6 -- found version 6.15.1
[0.906s] -- Searching for dependencies of ignition-math6
[0.908s] -- Looking for OGRE...
[0.908s] -- OGRE_PREFIX_WATCH changed.
[0.912s] -- Checking for module 'OGRE'
[0.923s] --   Found OGRE, version 1.9.0
[0.950s] -- Found Ogre Ghadamon (1.9.0)
[0.960s] -- Found OGRE: optimized;/usr/lib/x86_64-linux-gnu/libOgreMain.so;debug;/usr/lib/x86_64-linux-gnu/libOgreMain.so
[0.968s] -- Looking for OGRE_Paging...
[0.974s] -- Found OGRE_Paging: optimized;/usr/lib/x86_64-linux-gnu/libOgrePaging.so;debug;/usr/lib/x86_64-linux-gnu/libOgrePaging.so
[0.975s] -- Looking for OGRE_Terrain...
[0.981s] -- Found OGRE_Terrain: optimized;/usr/lib/x86_64-linux-gnu/libOgreTerrain.so;debug;/usr/lib/x86_64-linux-gnu/libOgreTerrain.so
[0.981s] -- Looking for OGRE_Property...
[0.986s] -- Found OGRE_Property: optimized;/usr/lib/x86_64-linux-gnu/libOgreProperty.so;debug;/usr/lib/x86_64-linux-gnu/libOgreProperty.so
[0.986s] -- Looking for OGRE_RTShaderSystem...
[0.991s] -- Found OGRE_RTShaderSystem: optimized;/usr/lib/x86_64-linux-gnu/libOgreRTShaderSystem.so;debug;/usr/lib/x86_64-linux-gnu/libOgreRTShaderSystem.so
[0.992s] -- Looking for OGRE_Volume...
[0.997s] -- Found OGRE_Volume: optimized;/usr/lib/x86_64-linux-gnu/libOgreVolume.so;debug;/usr/lib/x86_64-linux-gnu/libOgreVolume.so
[0.997s] -- Looking for OGRE_Overlay...
[1.002s] -- Found OGRE_Overlay: optimized;/usr/lib/x86_64-linux-gnu/libOgreOverlay.so;debug;/usr/lib/x86_64-linux-gnu/libOgreOverlay.so
[1.114s] -- Looking for ignition-math6 -- found version 6.15.1
[1.117s] -- Looking for ignition-transport8 -- found version 8.2.1
[1.118s] -- Searching for dependencies of ignition-transport8
[1.133s] -- Found Protobuf: /usr/lib/x86_64-linux-gnu/libprotobuf.so (found suitable version "3.12.4", minimum required is "3") 
[1.144s] -- Config-file not installed for ZeroMQ -- checking for pkg-config
[1.148s] -- Checking for module 'libzmq >= 4'
[1.161s] --   Found libzmq , version 4.3.4
[1.190s] -- Found ZeroMQ: TRUE (Required is at least version "4") 
[1.195s] -- Checking for module 'uuid'
[1.206s] --   Found uuid, version 2.37.2
[1.233s] -- Found UUID: TRUE  
[1.236s] -- Looking for ignition-msgs5 -- found version 5.8.1
[1.237s] -- Searching for dependencies of ignition-msgs5
[1.253s] -- Looking for ignition-math6 -- found version 6.15.1
[1.258s] -- Checking for module 'tinyxml2'
[1.269s] --   Found tinyxml2, version 9.0.0
[1.297s] -- Looking for ignition-msgs5 -- found version 5.8.1
[1.301s] -- Looking for ignition-common3 -- found version 3.14.0
[1.301s] -- Searching for dependencies of ignition-common3
[1.301s] -- Looking for dlfcn.h - found
[1.302s] -- Looking for libdl - found
[1.303s] -- Found DL: TRUE  
[1.314s] -- Found tinyobjloader: /usr/lib/x86_64-linux-gnu/cmake/tinyobjloader/tinyobjloader-config.cmake (found version "2.0.0") 
[1.314s] -- Searching for <ignition-common3> component [graphics]
[1.317s] -- Looking for ignition-common3-graphics -- found version 3.14.0
[1.318s] -- Searching for dependencies of ignition-common3-graphics
[1.318s] -- Looking for ignition-math6 -- found version 6.15.1
[1.322s] -- Looking for ignition-fuel_tools4 -- found version 4.4.0
[1.322s] -- Searching for dependencies of ignition-fuel_tools4
[1.389s] -- Found CURL: /usr/lib/x86_64-linux-gnu/libcurl.so (found version "7.81.0")  
[1.399s] -- Checking for module 'jsoncpp'
[1.410s] --   Found jsoncpp, version 1.9.5
[1.436s] -- Found JSONCPP: TRUE  
[1.442s] -- Checking for module 'libzip'
[1.453s] --   Found libzip, version 1.7.3
[1.481s] -- Found ZIP: TRUE  
[1.481s] -- Looking for ignition-common3 -- found version 3.14.0
[1.481s] -- Looking for ignition-math6 -- found version 6.15.1
[1.482s] -- Looking for ignition-msgs5 -- found version 5.8.1
[1.490s] -- Found gazebo_ros_pkgs: 3.7.0 (/opt/ros/humble/share/gazebo_ros_pkgs/cmake)
[1.493s] -- Found geometry_msgs: 4.2.3 (/opt/ros/humble/share/geometry_msgs/cmake)
[1.525s] -- Found rosidl_generator_c: 3.1.5 (/opt/ros/humble/share/rosidl_generator_c/cmake)
[1.531s] -- Found rosidl_adapter: 3.1.5 (/opt/ros/humble/share/rosidl_adapter/cmake)
[1.540s] -- Found rosidl_generator_cpp: 3.1.5 (/opt/ros/humble/share/rosidl_generator_cpp/cmake)
[1.555s] -- Using all available rosidl_typesupport_c: rosidl_typesupport_fastrtps_c;rosidl_typesupport_introspection_c
[1.574s] -- Using all available rosidl_typesupport_cpp: rosidl_typesupport_fastrtps_cpp;rosidl_typesupport_introspection_cpp
[1.664s] -- Found nav_msgs: 4.2.3 (/opt/ros/humble/share/nav_msgs/cmake)
[1.729s] -- Found rclcpp: 16.0.8 (/opt/ros/humble/share/rclcpp/cmake)
[1.782s] -- Found rmw_implementation_cmake: 6.1.1 (/opt/ros/humble/share/rmw_implementation_cmake/cmake)
[1.785s] -- Found rmw_cyclonedds_cpp: 1.3.4 (/opt/ros/humble/share/rmw_cyclonedds_cpp/cmake)
[1.813s] -- Using RMW implementation 'rmw_cyclonedds_cpp' as default
[1.824s] -- Found Threads: TRUE  
[1.918s] -- Found sensor_msgs: 4.2.3 (/opt/ros/humble/share/sensor_msgs/cmake)
[1.983s] -- Found tf2: 0.25.6 (/opt/ros/humble/share/tf2/cmake)
[2.049s] -- Configuring done
[2.077s] -- Generating done
[2.079s] -- Build files have been written to: /home/vivek/nav/turtle_ws/build/turtlebot3_gazebo
[2.091s] Invoked command in '/home/vivek/nav/turtle_ws/build/turtlebot3_gazebo' returned '0': CMAKE_PREFIX_PATH=${CMAKE_PREFIX_PATH}:/opt/ros/humble /usr/bin/cmake /home/vivek/nav/turtle_ws/src/turtlebot3_gazebo -DCMAKE_INSTALL_PREFIX=/home/vivek/nav/turtle_ws/install/turtlebot3_gazebo
[2.092s] Invoking command in '/home/vivek/nav/turtle_ws/build/turtlebot3_gazebo': CMAKE_PREFIX_PATH=${CMAKE_PREFIX_PATH}:/opt/ros/humble /usr/bin/cmake --build /home/vivek/nav/turtle_ws/build/turtlebot3_gazebo -- -j8 -l8
[2.147s] [ 12%] [32mBuilding CXX object CMakeFiles/obstacles.dir/models/turtlebot3_dqn_world/obstacle_plugin/obstacles.cc.o[0m
[2.148s] [ 25%] [32mBuilding CXX object CMakeFiles/turtlebot3_drive.dir/src/turtlebot3_drive.cpp.o[0m
[2.149s] [ 37%] [32mBuilding CXX object CMakeFiles/obstacle1.dir/models/turtlebot3_dqn_world/obstacle_plugin/obstacle1.cc.o[0m
[2.149s] [ 50%] [32mBuilding CXX object CMakeFiles/obstacle2.dir/models/turtlebot3_dqn_world/obstacle_plugin/obstacle2.cc.o[0m
[15.906s] [ 62%] [32m[1mLinking CXX executable turtlebot3_drive[0m
[17.235s] [ 62%] Built target turtlebot3_drive
[18.261s] [ 75%] [32m[1mLinking CXX shared library libobstacle1.so[0m
[18.261s] [ 87%] [32m[1mLinking CXX shared library libobstacle2.so[0m
[18.619s] [ 87%] Built target obstacle2
[18.619s] [ 87%] Built target obstacle1
[20.582s] [100%] [32m[1mLinking CXX shared library libobstacles.so[0m
[20.754s] [100%] Built target obstacles
[20.764s] Invoked command in '/home/vivek/nav/turtle_ws/build/turtlebot3_gazebo' returned '0': CMAKE_PREFIX_PATH=${CMAKE_PREFIX_PATH}:/opt/ros/humble /usr/bin/cmake --build /home/vivek/nav/turtle_ws/build/turtlebot3_gazebo -- -j8 -l8
[20.794s] Invoking command in '/home/vivek/nav/turtle_ws/build/turtlebot3_gazebo': CMAKE_PREFIX_PATH=${CMAKE_PREFIX_PATH}:/opt/ros/humble /usr/bin/cmake --install /home/vivek/nav/turtle_ws/build/turtlebot3_gazebo
[20.800s] -- Install configuration: ""
[20.800s] -- Installing: /home/vivek/nav/turtle_ws/install/turtlebot3_gazebo/lib/turtlebot3_gazebo/turtlebot3_drive
[20.804s] -- Set runtime path of "/home/vivek/nav/turtle_ws/install/turtlebot3_gazebo/lib/turtlebot3_gazebo/turtlebot3_drive" to ""
[20.804s] -- Installing: /home/vivek/nav/turtle_ws/install/turtlebot3_gazebo/share/turtlebot3_gazebo//launch
[20.804s] -- Installing: /home/vivek/nav/turtle_ws/install/turtlebot3_gazebo/share/turtlebot3_gazebo//launch/turtlebot3_dqn_stage4.launch.py
[20.804s] -- Installing: /home/vivek/nav/turtle_ws/install/turtlebot3_gazebo/share/turtlebot3_gazebo//launch/turtlebot3_dqn_stage3.launch.py
[20.804s] -- Installing: /home/vivek/nav/turtle_ws/install/turtlebot3_gazebo/share/turtlebot3_gazebo//launch/turtlebot3_dqn_stage2.launch.py
[20.804s] -- Installing: /home/vivek/nav/turtle_ws/install/turtlebot3_gazebo/share/turtlebot3_gazebo//launch/spawn_turtlebot3.launch.py
[20.804s] -- Installing: /home/vivek/nav/turtle_ws/install/turtlebot3_gazebo/share/turtlebot3_gazebo//launch/turtlebot3_world.launch.py
[20.805s] -- Installing: /home/vivek/nav/turtle_ws/install/turtlebot3_gazebo/share/turtlebot3_gazebo//launch/turtlebot3_house.launch.py
[20.805s] -- Installing: /home/vivek/nav/turtle_ws/install/turtlebot3_gazebo/share/turtlebot3_gazebo//launch/turtlebot3_dqn_stage1.launch.py
[20.805s] -- Installing: /home/vivek/nav/turtle_ws/install/turtlebot3_gazebo/share/turtlebot3_gazebo//launch/robot_state_publisher.launch.py
[20.805s] -- Installing: /home/vivek/nav/turtle_ws/install/turtlebot3_gazebo/share/turtlebot3_gazebo//launch/empty_world.launch.py
[20.805s] -- Installing: /home/vivek/nav/turtle_ws/install/turtlebot3_gazebo/share/turtlebot3_gazebo//launch/maze.launch.py
[20.805s] -- Installing: /home/vivek/nav/turtle_ws/install/turtlebot3_gazebo/share/turtlebot3_gazebo//models
[20.805s] -- Installing: /home/vivek/nav/turtle_ws/install/turtlebot3_gazebo/share/turtlebot3_gazebo//models/turtlebot3_house
[20.805s] -- Installing: /home/vivek/nav/turtle_ws/install/turtlebot3_gazebo/share/turtlebot3_gazebo//models/turtlebot3_house/model.sdf
[20.806s] -- Installing: /home/vivek/nav/turtle_ws/install/turtlebot3_gazebo/share/turtlebot3_gazebo//models/turtlebot3_house/model.config
[20.806s] -- Installing: /home/vivek/nav/turtle_ws/install/turtlebot3_gazebo/share/turtlebot3_gazebo//models/turtlebot3_dqn_world
[20.806s] -- Installing: /home/vivek/nav/turtle_ws/install/turtlebot3_gazebo/share/turtlebot3_gazebo//models/turtlebot3_dqn_world/obstacle_plugin
[20.806s] -- Installing: /home/vivek/nav/turtle_ws/install/turtlebot3_gazebo/share/turtlebot3_gazebo//models/turtlebot3_dqn_world/obstacle_plugin/obstacles.cc
[20.807s] -- Installing: /home/vivek/nav/turtle_ws/install/turtlebot3_gazebo/share/turtlebot3_gazebo//models/turtlebot3_dqn_world/obstacle_plugin/obstacle1.cc
[20.807s] -- Installing: /home/vivek/nav/turtle_ws/install/turtlebot3_gazebo/share/turtlebot3_gazebo//models/turtlebot3_dqn_world/obstacle_plugin/obstacle2.cc
[20.807s] -- Installing: /home/vivek/nav/turtle_ws/install/turtlebot3_gazebo/share/turtlebot3_gazebo//models/turtlebot3_dqn_world/obstacle_plugin/CMakeLists.txt
[20.807s] -- Installing: /home/vivek/nav/turtle_ws/install/turtlebot3_gazebo/share/turtlebot3_gazebo//models/turtlebot3_dqn_world/model.sdf
[20.807s] -- Installing: /home/vivek/nav/turtle_ws/install/turtlebot3_gazebo/share/turtlebot3_gazebo//models/turtlebot3_dqn_world/obstacle2
[20.807s] -- Installing: /home/vivek/nav/turtle_ws/install/turtlebot3_gazebo/share/turtlebot3_gazebo//models/turtlebot3_dqn_world/obstacle2/model.sdf
[20.807s] -- Installing: /home/vivek/nav/turtle_ws/install/turtlebot3_gazebo/share/turtlebot3_gazebo//models/turtlebot3_dqn_world/obstacle2/model.config
[20.807s] -- Installing: /home/vivek/nav/turtle_ws/install/turtlebot3_gazebo/share/turtlebot3_gazebo//models/turtlebot3_dqn_world/inner_walls
[20.808s] -- Installing: /home/vivek/nav/turtle_ws/install/turtlebot3_gazebo/share/turtlebot3_gazebo//models/turtlebot3_dqn_world/inner_walls/model.sdf
[20.808s] -- Installing: /home/vivek/nav/turtle_ws/install/turtlebot3_gazebo/share/turtlebot3_gazebo//models/turtlebot3_dqn_world/inner_walls/model.config
[20.808s] -- Installing: /home/vivek/nav/turtle_ws/install/turtlebot3_gazebo/share/turtlebot3_gazebo//models/turtlebot3_dqn_world/model.config
[20.808s] -- Installing: /home/vivek/nav/turtle_ws/install/turtlebot3_gazebo/share/turtlebot3_gazebo//models/turtlebot3_dqn_world/goal_box
[20.808s] -- Installing: /home/vivek/nav/turtle_ws/install/turtlebot3_gazebo/share/turtlebot3_gazebo//models/turtlebot3_dqn_world/goal_box/model.sdf
[20.808s] -- Installing: /home/vivek/nav/turtle_ws/install/turtlebot3_gazebo/share/turtlebot3_gazebo//models/turtlebot3_dqn_world/goal_box/model.config
[20.808s] -- Installing: /home/vivek/nav/turtle_ws/install/turtlebot3_gazebo/share/turtlebot3_gazebo//models/turtlebot3_dqn_world/obstacle1
[20.808s] -- Installing: /home/vivek/nav/turtle_ws/install/turtlebot3_gazebo/share/turtlebot3_gazebo//models/turtlebot3_dqn_world/obstacle1/model.sdf
[20.809s] -- Installing: /home/vivek/nav/turtle_ws/install/turtlebot3_gazebo/share/turtlebot3_gazebo//models/turtlebot3_dqn_world/obstacle1/model.config
[20.809s] -- Installing: /home/vivek/nav/turtle_ws/install/turtlebot3_gazebo/share/turtlebot3_gazebo//models/turtlebot3_dqn_world/obstacles
[20.809s] -- Installing: /home/vivek/nav/turtle_ws/install/turtlebot3_gazebo/share/turtlebot3_gazebo//models/turtlebot3_dqn_world/obstacles/model.sdf
[20.809s] -- Installing: /home/vivek/nav/turtle_ws/install/turtlebot3_gazebo/share/turtlebot3_gazebo//models/turtlebot3_dqn_world/obstacles/model.config
[20.809s] -- Installing: /home/vivek/nav/turtle_ws/install/turtlebot3_gazebo/share/turtlebot3_gazebo//models/turtlebot3_common
[20.809s] -- Installing: /home/vivek/nav/turtle_ws/install/turtlebot3_gazebo/share/turtlebot3_gazebo//models/turtlebot3_common/meshes
[20.809s] -- Installing: /home/vivek/nav/turtle_ws/install/turtlebot3_gazebo/share/turtlebot3_gazebo//models/turtlebot3_common/meshes/r200.dae
[20.810s] -- Installing: /home/vivek/nav/turtle_ws/install/turtlebot3_gazebo/share/turtlebot3_gazebo//models/turtlebot3_common/meshes/burger_base.dae
[20.810s] -- Installing: /home/vivek/nav/turtle_ws/install/turtlebot3_gazebo/share/turtlebot3_gazebo//models/turtlebot3_common/meshes/waffle_pi_base.dae
[20.811s] -- Installing: /home/vivek/nav/turtle_ws/install/turtlebot3_gazebo/share/turtlebot3_gazebo//models/turtlebot3_common/meshes/lds.dae
[20.811s] -- Installing: /home/vivek/nav/turtle_ws/install/turtlebot3_gazebo/share/turtlebot3_gazebo//models/turtlebot3_common/meshes/waffle_base.dae
[20.811s] -- Installing: /home/vivek/nav/turtle_ws/install/turtlebot3_gazebo/share/turtlebot3_gazebo//models/turtlebot3_common/meshes/tire.dae
[20.812s] -- Installing: /home/vivek/nav/turtle_ws/install/turtlebot3_gazebo/share/turtlebot3_gazebo//models/turtlebot3_common/model.config
[20.812s] -- Installing: /home/vivek/nav/turtle_ws/install/turtlebot3_gazebo/share/turtlebot3_gazebo//models/turtlebot3_world
[20.812s] -- Installing: /home/vivek/nav/turtle_ws/install/turtlebot3_gazebo/share/turtlebot3_gazebo//models/turtlebot3_world/model.sdf
[20.812s] -- Installing: /home/vivek/nav/turtle_ws/install/turtlebot3_gazebo/share/turtlebot3_gazebo//models/turtlebot3_world/model-1_4.sdf
[20.812s] -- Installing: /home/vivek/nav/turtle_ws/install/turtlebot3_gazebo/share/turtlebot3_gazebo//models/turtlebot3_world/meshes
[20.812s] -- Installing: /home/vivek/nav/turtle_ws/install/turtlebot3_gazebo/share/turtlebot3_gazebo//models/turtlebot3_world/meshes/hexagon.dae
[20.812s] -- Installing: /home/vivek/nav/turtle_ws/install/turtlebot3_gazebo/share/turtlebot3_gazebo//models/turtlebot3_world/meshes/wall.dae
[20.813s] -- Installing: /home/vivek/nav/turtle_ws/install/turtlebot3_gazebo/share/turtlebot3_gazebo//models/turtlebot3_world/model.config
[20.813s] -- Installing: /home/vivek/nav/turtle_ws/install/turtlebot3_gazebo/share/turtlebot3_gazebo//models/turtlebot3_waffle
[20.813s] -- Installing: /home/vivek/nav/turtle_ws/install/turtlebot3_gazebo/share/turtlebot3_gazebo//models/turtlebot3_waffle/model.sdf
[20.813s] -- Installing: /home/vivek/nav/turtle_ws/install/turtlebot3_gazebo/share/turtlebot3_gazebo//models/turtlebot3_waffle/model-1_4.sdf
[20.813s] -- Installing: /home/vivek/nav/turtle_ws/install/turtlebot3_gazebo/share/turtlebot3_gazebo//models/turtlebot3_waffle/model.config
[20.813s] -- Installing: /home/vivek/nav/turtle_ws/install/turtlebot3_gazebo/share/turtlebot3_gazebo//models/turtlebot3_waffle_pi
[20.814s] -- Installing: /home/vivek/nav/turtle_ws/install/turtlebot3_gazebo/share/turtlebot3_gazebo//models/turtlebot3_waffle_pi/model-1_4_.sdf
[20.814s] -- Installing: /home/vivek/nav/turtle_ws/install/turtlebot3_gazebo/share/turtlebot3_gazebo//models/turtlebot3_waffle_pi/model.sdf
[20.814s] -- Installing: /home/vivek/nav/turtle_ws/install/turtlebot3_gazebo/share/turtlebot3_gazebo//models/turtlebot3_waffle_pi/model.config
[20.814s] -- Installing: /home/vivek/nav/turtle_ws/install/turtlebot3_gazebo/share/turtlebot3_gazebo//models/turtlebot3_burger
[20.814s] -- Installing: /home/vivek/nav/turtle_ws/install/turtlebot3_gazebo/share/turtlebot3_gazebo//models/turtlebot3_burger/model.sdf
[20.814s] -- Installing: /home/vivek/nav/turtle_ws/install/turtlebot3_gazebo/share/turtlebot3_gazebo//models/turtlebot3_burger/model-1_4.sdf
[20.814s] -- Installing: /home/vivek/nav/turtle_ws/install/turtlebot3_gazebo/share/turtlebot3_gazebo//models/turtlebot3_burger/model.config
[20.815s] -- Installing: /home/vivek/nav/turtle_ws/install/turtlebot3_gazebo/share/turtlebot3_gazebo//rviz
[20.815s] -- Installing: /home/vivek/nav/turtle_ws/install/turtlebot3_gazebo/share/turtlebot3_gazebo//rviz/tb3_gazebo.rviz
[20.815s] -- Installing: /home/vivek/nav/turtle_ws/install/turtlebot3_gazebo/share/turtlebot3_gazebo//urdf
[20.815s] -- Installing: /home/vivek/nav/turtle_ws/install/turtlebot3_gazebo/share/turtlebot3_gazebo//urdf/turtlebot3_burger.urdf
[20.815s] -- Installing: /home/vivek/nav/turtle_ws/install/turtlebot3_gazebo/share/turtlebot3_gazebo//urdf/turtlebot3_waffle.urdf
[20.816s] -- Installing: /home/vivek/nav/turtle_ws/install/turtlebot3_gazebo/share/turtlebot3_gazebo//urdf/turtlebot3_waffle_pi.urdf
[20.816s] -- Installing: /home/vivek/nav/turtle_ws/install/turtlebot3_gazebo/share/turtlebot3_gazebo//urdf/common_properties.urdf
[20.816s] -- Installing: /home/vivek/nav/turtle_ws/install/turtlebot3_gazebo/share/turtlebot3_gazebo//worlds
[20.816s] -- Installing: /home/vivek/nav/turtle_ws/install/turtlebot3_gazebo/share/turtlebot3_gazebo//worlds/turtlebot3_house.world
[20.816s] -- Installing: /home/vivek/nav/turtle_ws/install/turtlebot3_gazebo/share/turtlebot3_gazebo//worlds/maze.world
[20.816s] -- Installing: /home/vivek/nav/turtle_ws/install/turtlebot3_gazebo/share/turtlebot3_gazebo//worlds/turtlebot3_dqn_stage4.world
[20.817s] -- Installing: /home/vivek/nav/turtle_ws/install/turtlebot3_gazebo/share/turtlebot3_gazebo//worlds/turtlebot3_dqn_stage3.world
[20.817s] -- Installing: /home/vivek/nav/turtle_ws/install/turtlebot3_gazebo/share/turtlebot3_gazebo//worlds/turtlebot3_world.world
[20.817s] -- Installing: /home/vivek/nav/turtle_ws/install/turtlebot3_gazebo/share/turtlebot3_gazebo//worlds/empty_world.world
[20.817s] -- Installing: /home/vivek/nav/turtle_ws/install/turtlebot3_gazebo/share/turtlebot3_gazebo//worlds/turtlebot3_dqn_stage1.world
[20.817s] -- Installing: /home/vivek/nav/turtle_ws/install/turtlebot3_gazebo/share/turtlebot3_gazebo//worlds/turtlebot3_dqn_stage2.world
[20.817s] -- Installing: /home/vivek/nav/turtle_ws/install/turtlebot3_gazebo/include/
[20.818s] -- Installing: /home/vivek/nav/turtle_ws/install/turtlebot3_gazebo/include//turtlebot3_gazebo
[20.818s] -- Installing: /home/vivek/nav/turtle_ws/install/turtlebot3_gazebo/include//turtlebot3_gazebo/turtlebot3_drive.hpp
[20.818s] -- Installing: /home/vivek/nav/turtle_ws/install/turtlebot3_gazebo/share/ament_index/resource_index/package_run_dependencies/turtlebot3_gazebo
[20.818s] -- Installing: /home/vivek/nav/turtle_ws/install/turtlebot3_gazebo/share/ament_index/resource_index/parent_prefix_path/turtlebot3_gazebo
[20.818s] -- Installing: /home/vivek/nav/turtle_ws/install/turtlebot3_gazebo/share/turtlebot3_gazebo/environment/ament_prefix_path.sh
[20.818s] -- Installing: /home/vivek/nav/turtle_ws/install/turtlebot3_gazebo/share/turtlebot3_gazebo/environment/ament_prefix_path.dsv
[20.818s] -- Installing: /home/vivek/nav/turtle_ws/install/turtlebot3_gazebo/share/turtlebot3_gazebo/environment/path.sh
[20.818s] -- Installing: /home/vivek/nav/turtle_ws/install/turtlebot3_gazebo/share/turtlebot3_gazebo/environment/path.dsv
[20.818s] -- Installing: /home/vivek/nav/turtle_ws/install/turtlebot3_gazebo/share/turtlebot3_gazebo/local_setup.bash
[20.818s] -- Installing: /home/vivek/nav/turtle_ws/install/turtlebot3_gazebo/share/turtlebot3_gazebo/local_setup.sh
[20.818s] -- Installing: /home/vivek/nav/turtle_ws/install/turtlebot3_gazebo/share/turtlebot3_gazebo/local_setup.zsh
[20.818s] -- Installing: /home/vivek/nav/turtle_ws/install/turtlebot3_gazebo/share/turtlebot3_gazebo/local_setup.dsv
[20.819s] -- Installing: /home/vivek/nav/turtle_ws/install/turtlebot3_gazebo/share/turtlebot3_gazebo/package.dsv
[20.819s] -- Installing: /home/vivek/nav/turtle_ws/install/turtlebot3_gazebo/share/ament_index/resource_index/packages/turtlebot3_gazebo
[20.819s] -- Installing: /home/vivek/nav/turtle_ws/install/turtlebot3_gazebo/share/turtlebot3_gazebo/cmake/ament_cmake_export_include_directories-extras.cmake
[20.819s] -- Installing: /home/vivek/nav/turtle_ws/install/turtlebot3_gazebo/share/turtlebot3_gazebo/cmake/ament_cmake_export_dependencies-extras.cmake
[20.819s] -- Installing: /home/vivek/nav/turtle_ws/install/turtlebot3_gazebo/share/turtlebot3_gazebo/cmake/turtlebot3_gazeboConfig.cmake
[20.819s] -- Installing: /home/vivek/nav/turtle_ws/install/turtlebot3_gazebo/share/turtlebot3_gazebo/cmake/turtlebot3_gazeboConfig-version.cmake
[20.819s] -- Installing: /home/vivek/nav/turtle_ws/install/turtlebot3_gazebo/share/turtlebot3_gazebo/package.xml
[20.821s] Invoked command in '/home/vivek/nav/turtle_ws/build/turtlebot3_gazebo' returned '0': CMAKE_PREFIX_PATH=${CMAKE_PREFIX_PATH}:/opt/ros/humble /usr/bin/cmake --install /home/vivek/nav/turtle_ws/build/turtlebot3_gazebo
