[0.858s] DEBUG:colcon:Command line arguments: ['/usr/bin/colcon', 'build']
[0.858s] DEBUG:colcon:Parsed command line arguments: Namespace(log_base=None, log_level=None, verb_name='build', build_base='build', install_base='install', merge_install=False, symlink_install=False, test_result_base=None, continue_on_error=False, executor='parallel', parallel_workers=8, event_handlers=None, ignore_user_meta=False, metas=['./colcon.meta'], base_paths=['.'], packages_ignore=None, packages_ignore_regex=None, paths=None, packages_up_to=None, packages_up_to_regex=None, packages_above=None, packages_above_and_dependencies=None, packages_above_depth=None, packages_select_by_dep=None, packages_skip_by_dep=None, packages_skip_up_to=None, packages_select_build_failed=False, packages_skip_build_finished=False, packages_select_test_failures=False, packages_skip_test_passed=False, packages_select=None, packages_skip=None, packages_select_regex=None, packages_skip_regex=None, packages_start=None, packages_end=None, allow_overriding=[], cmake_args=None, cmake_target=None, cmake_target_skip_unavailable=False, cmake_clean_cache=False, cmake_clean_first=False, cmake_force_configure=False, ament_cmake_args=None, catkin_cmake_args=None, catkin_skip_building_tests=False, verb_parser=<colcon_defaults.argument_parser.defaults.DefaultArgumentsDecorator object at 0x7601f1033b20>, verb_extension=<colcon_core.verb.build.BuildVerb object at 0x7601f15dafe0>, main=<bound method BuildVerb.main of <colcon_core.verb.build.BuildVerb object at 0x7601f15dafe0>>)
[0.914s] Level 1:colcon.colcon_core.package_discovery:discover_packages(colcon_meta) check parameters
[0.914s] Level 1:colcon.colcon_core.package_discovery:discover_packages(recursive) check parameters
[0.914s] Level 1:colcon.colcon_core.package_discovery:discover_packages(ignore) check parameters
[0.915s] Level 1:colcon.colcon_core.package_discovery:discover_packages(path) check parameters
[0.915s] Level 1:colcon.colcon_core.package_discovery:discover_packages(colcon_meta) discover
[0.915s] Level 1:colcon.colcon_core.package_discovery:discover_packages(recursive) discover
[0.915s] INFO:colcon.colcon_core.package_discovery:Crawling recursively for packages in '/home/vivek/nav/turtle_ws'
[0.915s] Level 1:colcon.colcon_core.package_identification:_identify(.) by extensions ['ignore', 'ignore_ament_install']
[0.915s] Level 1:colcon.colcon_core.package_identification:_identify(.) by extension 'ignore'
[0.915s] Level 1:colcon.colcon_core.package_identification:_identify(.) by extension 'ignore_ament_install'
[0.915s] Level 1:colcon.colcon_core.package_identification:_identify(.) by extensions ['colcon_pkg']
[0.915s] Level 1:colcon.colcon_core.package_identification:_identify(.) by extension 'colcon_pkg'
[0.915s] Level 1:colcon.colcon_core.package_identification:_identify(.) by extensions ['colcon_meta']
[0.915s] Level 1:colcon.colcon_core.package_identification:_identify(.) by extension 'colcon_meta'
[0.915s] Level 1:colcon.colcon_core.package_identification:_identify(.) by extensions ['ros']
[0.915s] Level 1:colcon.colcon_core.package_identification:_identify(.) by extension 'ros'
[0.922s] Level 1:colcon.colcon_core.package_identification:_identify(.) by extensions ['cmake', 'python']
[0.922s] Level 1:colcon.colcon_core.package_identification:_identify(.) by extension 'cmake'
[0.922s] Level 1:colcon.colcon_core.package_identification:_identify(.) by extension 'python'
[0.922s] Level 1:colcon.colcon_core.package_identification:_identify(.) by extensions ['python_setup_py']
[0.922s] Level 1:colcon.colcon_core.package_identification:_identify(.) by extension 'python_setup_py'
[0.922s] Level 1:colcon.colcon_core.package_identification:_identify(build) by extensions ['ignore', 'ignore_ament_install']
[0.922s] Level 1:colcon.colcon_core.package_identification:_identify(build) by extension 'ignore'
[0.922s] Level 1:colcon.colcon_core.package_identification:_identify(build) ignored
[0.923s] Level 1:colcon.colcon_core.package_identification:_identify(install) by extensions ['ignore', 'ignore_ament_install']
[0.923s] Level 1:colcon.colcon_core.package_identification:_identify(install) by extension 'ignore'
[0.923s] Level 1:colcon.colcon_core.package_identification:_identify(install) ignored
[0.923s] Level 1:colcon.colcon_core.package_identification:_identify(log) by extensions ['ignore', 'ignore_ament_install']
[0.923s] Level 1:colcon.colcon_core.package_identification:_identify(log) by extension 'ignore'
[0.923s] Level 1:colcon.colcon_core.package_identification:_identify(log) ignored
[0.923s] Level 1:colcon.colcon_core.package_identification:_identify(src) by extensions ['ignore', 'ignore_ament_install']
[0.923s] Level 1:colcon.colcon_core.package_identification:_identify(src) by extension 'ignore'
[0.923s] Level 1:colcon.colcon_core.package_identification:_identify(src) by extension 'ignore_ament_install'
[0.923s] Level 1:colcon.colcon_core.package_identification:_identify(src) by extensions ['colcon_pkg']
[0.923s] Level 1:colcon.colcon_core.package_identification:_identify(src) by extension 'colcon_pkg'
[0.923s] Level 1:colcon.colcon_core.package_identification:_identify(src) by extensions ['colcon_meta']
[0.923s] Level 1:colcon.colcon_core.package_identification:_identify(src) by extension 'colcon_meta'
[0.923s] Level 1:colcon.colcon_core.package_identification:_identify(src) by extensions ['ros']
[0.923s] Level 1:colcon.colcon_core.package_identification:_identify(src) by extension 'ros'
[0.923s] Level 1:colcon.colcon_core.package_identification:_identify(src) by extensions ['cmake', 'python']
[0.923s] Level 1:colcon.colcon_core.package_identification:_identify(src) by extension 'cmake'
[0.923s] Level 1:colcon.colcon_core.package_identification:_identify(src) by extension 'python'
[0.923s] Level 1:colcon.colcon_core.package_identification:_identify(src) by extensions ['python_setup_py']
[0.923s] Level 1:colcon.colcon_core.package_identification:_identify(src) by extension 'python_setup_py'
[0.923s] Level 1:colcon.colcon_core.package_identification:_identify(src/turtlebot3_fake_node) by extensions ['ignore', 'ignore_ament_install']
[0.923s] Level 1:colcon.colcon_core.package_identification:_identify(src/turtlebot3_fake_node) by extension 'ignore'
[0.923s] Level 1:colcon.colcon_core.package_identification:_identify(src/turtlebot3_fake_node) by extension 'ignore_ament_install'
[0.923s] Level 1:colcon.colcon_core.package_identification:_identify(src/turtlebot3_fake_node) by extensions ['colcon_pkg']
[0.923s] Level 1:colcon.colcon_core.package_identification:_identify(src/turtlebot3_fake_node) by extension 'colcon_pkg'
[0.923s] Level 1:colcon.colcon_core.package_identification:_identify(src/turtlebot3_fake_node) by extensions ['colcon_meta']
[0.923s] Level 1:colcon.colcon_core.package_identification:_identify(src/turtlebot3_fake_node) by extension 'colcon_meta'
[0.923s] Level 1:colcon.colcon_core.package_identification:_identify(src/turtlebot3_fake_node) by extensions ['ros']
[0.923s] Level 1:colcon.colcon_core.package_identification:_identify(src/turtlebot3_fake_node) by extension 'ros'
[0.926s] DEBUG:colcon.colcon_core.package_identification:Package 'src/turtlebot3_fake_node' with type 'ros.ament_cmake' and name 'turtlebot3_fake_node'
[0.926s] Level 1:colcon.colcon_core.package_identification:_identify(src/turtlebot3_gazebo) by extensions ['ignore', 'ignore_ament_install']
[0.926s] Level 1:colcon.colcon_core.package_identification:_identify(src/turtlebot3_gazebo) by extension 'ignore'
[0.926s] Level 1:colcon.colcon_core.package_identification:_identify(src/turtlebot3_gazebo) by extension 'ignore_ament_install'
[0.926s] Level 1:colcon.colcon_core.package_identification:_identify(src/turtlebot3_gazebo) by extensions ['colcon_pkg']
[0.926s] Level 1:colcon.colcon_core.package_identification:_identify(src/turtlebot3_gazebo) by extension 'colcon_pkg'
[0.926s] Level 1:colcon.colcon_core.package_identification:_identify(src/turtlebot3_gazebo) by extensions ['colcon_meta']
[0.926s] Level 1:colcon.colcon_core.package_identification:_identify(src/turtlebot3_gazebo) by extension 'colcon_meta'
[0.926s] Level 1:colcon.colcon_core.package_identification:_identify(src/turtlebot3_gazebo) by extensions ['ros']
[0.926s] Level 1:colcon.colcon_core.package_identification:_identify(src/turtlebot3_gazebo) by extension 'ros'
[0.927s] DEBUG:colcon.colcon_core.package_identification:Package 'src/turtlebot3_gazebo' with type 'ros.ament_cmake' and name 'turtlebot3_gazebo'
[0.927s] Level 1:colcon.colcon_core.package_identification:_identify(src/turtlebot3_simulations) by extensions ['ignore', 'ignore_ament_install']
[0.927s] Level 1:colcon.colcon_core.package_identification:_identify(src/turtlebot3_simulations) by extension 'ignore'
[0.927s] Level 1:colcon.colcon_core.package_identification:_identify(src/turtlebot3_simulations) by extension 'ignore_ament_install'
[0.927s] Level 1:colcon.colcon_core.package_identification:_identify(src/turtlebot3_simulations) by extensions ['colcon_pkg']
[0.927s] Level 1:colcon.colcon_core.package_identification:_identify(src/turtlebot3_simulations) by extension 'colcon_pkg'
[0.927s] Level 1:colcon.colcon_core.package_identification:_identify(src/turtlebot3_simulations) by extensions ['colcon_meta']
[0.927s] Level 1:colcon.colcon_core.package_identification:_identify(src/turtlebot3_simulations) by extension 'colcon_meta'
[0.927s] Level 1:colcon.colcon_core.package_identification:_identify(src/turtlebot3_simulations) by extensions ['ros']
[0.927s] Level 1:colcon.colcon_core.package_identification:_identify(src/turtlebot3_simulations) by extension 'ros'
[0.927s] DEBUG:colcon.colcon_core.package_identification:Package 'src/turtlebot3_simulations' with type 'ros.ament_cmake' and name 'turtlebot3_simulations'
[0.927s] Level 1:colcon.colcon_core.package_discovery:discover_packages(recursive) using defaults
[0.927s] Level 1:colcon.colcon_core.package_discovery:discover_packages(ignore) discover
[0.927s] Level 1:colcon.colcon_core.package_discovery:discover_packages(ignore) using defaults
[0.927s] Level 1:colcon.colcon_core.package_discovery:discover_packages(path) discover
[0.927s] Level 1:colcon.colcon_core.package_discovery:discover_packages(path) using defaults
[1.004s] Level 1:colcon.colcon_core.package_discovery:discover_packages(prefix_path) check parameters
[1.004s] Level 1:colcon.colcon_core.package_discovery:discover_packages(prefix_path) discover
[1.027s] DEBUG:colcon.colcon_installed_package_information.package_discovery:Found 3 installed packages in /home/vivek/turtlebot3_nav_ws/install
[1.038s] DEBUG:colcon.colcon_installed_package_information.package_discovery:Found 11 installed packages in /home/vivek/eyantra_ws/install
[1.058s] DEBUG:colcon.colcon_installed_package_information.package_discovery:Found 445 installed packages in /opt/ros/humble
[1.060s] Level 1:colcon.colcon_core.package_discovery:discover_packages(prefix_path) using defaults
[1.187s] Level 5:colcon.colcon_core.verb:set package 'turtlebot3_fake_node' build argument 'cmake_args' from command line to 'None'
[1.187s] Level 5:colcon.colcon_core.verb:set package 'turtlebot3_fake_node' build argument 'cmake_target' from command line to 'None'
[1.187s] Level 5:colcon.colcon_core.verb:set package 'turtlebot3_fake_node' build argument 'cmake_target_skip_unavailable' from command line to 'False'
[1.187s] Level 5:colcon.colcon_core.verb:set package 'turtlebot3_fake_node' build argument 'cmake_clean_cache' from command line to 'False'
[1.187s] Level 5:colcon.colcon_core.verb:set package 'turtlebot3_fake_node' build argument 'cmake_clean_first' from command line to 'False'
[1.187s] Level 5:colcon.colcon_core.verb:set package 'turtlebot3_fake_node' build argument 'cmake_force_configure' from command line to 'False'
[1.187s] Level 5:colcon.colcon_core.verb:set package 'turtlebot3_fake_node' build argument 'ament_cmake_args' from command line to 'None'
[1.187s] Level 5:colcon.colcon_core.verb:set package 'turtlebot3_fake_node' build argument 'catkin_cmake_args' from command line to 'None'
[1.187s] Level 5:colcon.colcon_core.verb:set package 'turtlebot3_fake_node' build argument 'catkin_skip_building_tests' from command line to 'False'
[1.187s] DEBUG:colcon.colcon_core.verb:Building package 'turtlebot3_fake_node' with the following arguments: {'ament_cmake_args': None, 'build_base': '/home/vivek/nav/turtle_ws/build/turtlebot3_fake_node', 'catkin_cmake_args': None, 'catkin_skip_building_tests': False, 'cmake_args': None, 'cmake_clean_cache': False, 'cmake_clean_first': False, 'cmake_force_configure': False, 'cmake_target': None, 'cmake_target_skip_unavailable': False, 'install_base': '/home/vivek/nav/turtle_ws/install/turtlebot3_fake_node', 'merge_install': False, 'path': '/home/vivek/nav/turtle_ws/src/turtlebot3_fake_node', 'symlink_install': False, 'test_result_base': None}
[1.198s] Level 5:colcon.colcon_core.verb:set package 'turtlebot3_gazebo' build argument 'cmake_args' from command line to 'None'
[1.198s] Level 5:colcon.colcon_core.verb:set package 'turtlebot3_gazebo' build argument 'cmake_target' from command line to 'None'
[1.198s] Level 5:colcon.colcon_core.verb:set package 'turtlebot3_gazebo' build argument 'cmake_target_skip_unavailable' from command line to 'False'
[1.198s] Level 5:colcon.colcon_core.verb:set package 'turtlebot3_gazebo' build argument 'cmake_clean_cache' from command line to 'False'
[1.198s] Level 5:colcon.colcon_core.verb:set package 'turtlebot3_gazebo' build argument 'cmake_clean_first' from command line to 'False'
[1.198s] Level 5:colcon.colcon_core.verb:set package 'turtlebot3_gazebo' build argument 'cmake_force_configure' from command line to 'False'
[1.198s] Level 5:colcon.colcon_core.verb:set package 'turtlebot3_gazebo' build argument 'ament_cmake_args' from command line to 'None'
[1.198s] Level 5:colcon.colcon_core.verb:set package 'turtlebot3_gazebo' build argument 'catkin_cmake_args' from command line to 'None'
[1.198s] Level 5:colcon.colcon_core.verb:set package 'turtlebot3_gazebo' build argument 'catkin_skip_building_tests' from command line to 'False'
[1.198s] DEBUG:colcon.colcon_core.verb:Building package 'turtlebot3_gazebo' with the following arguments: {'ament_cmake_args': None, 'build_base': '/home/vivek/nav/turtle_ws/build/turtlebot3_gazebo', 'catkin_cmake_args': None, 'catkin_skip_building_tests': False, 'cmake_args': None, 'cmake_clean_cache': False, 'cmake_clean_first': False, 'cmake_force_configure': False, 'cmake_target': None, 'cmake_target_skip_unavailable': False, 'install_base': '/home/vivek/nav/turtle_ws/install/turtlebot3_gazebo', 'merge_install': False, 'path': '/home/vivek/nav/turtle_ws/src/turtlebot3_gazebo', 'symlink_install': False, 'test_result_base': None}
[1.208s] Level 5:colcon.colcon_core.verb:set package 'turtlebot3_simulations' build argument 'cmake_args' from command line to 'None'
[1.208s] Level 5:colcon.colcon_core.verb:set package 'turtlebot3_simulations' build argument 'cmake_target' from command line to 'None'
[1.208s] Level 5:colcon.colcon_core.verb:set package 'turtlebot3_simulations' build argument 'cmake_target_skip_unavailable' from command line to 'False'
[1.208s] Level 5:colcon.colcon_core.verb:set package 'turtlebot3_simulations' build argument 'cmake_clean_cache' from command line to 'False'
[1.208s] Level 5:colcon.colcon_core.verb:set package 'turtlebot3_simulations' build argument 'cmake_clean_first' from command line to 'False'
[1.208s] Level 5:colcon.colcon_core.verb:set package 'turtlebot3_simulations' build argument 'cmake_force_configure' from command line to 'False'
[1.208s] Level 5:colcon.colcon_core.verb:set package 'turtlebot3_simulations' build argument 'ament_cmake_args' from command line to 'None'
[1.208s] Level 5:colcon.colcon_core.verb:set package 'turtlebot3_simulations' build argument 'catkin_cmake_args' from command line to 'None'
[1.208s] Level 5:colcon.colcon_core.verb:set package 'turtlebot3_simulations' build argument 'catkin_skip_building_tests' from command line to 'False'
[1.208s] DEBUG:colcon.colcon_core.verb:Building package 'turtlebot3_simulations' with the following arguments: {'ament_cmake_args': None, 'build_base': '/home/vivek/nav/turtle_ws/build/turtlebot3_simulations', 'catkin_cmake_args': None, 'catkin_skip_building_tests': False, 'cmake_args': None, 'cmake_clean_cache': False, 'cmake_clean_first': False, 'cmake_force_configure': False, 'cmake_target': None, 'cmake_target_skip_unavailable': False, 'install_base': '/home/vivek/nav/turtle_ws/install/turtlebot3_simulations', 'merge_install': False, 'path': '/home/vivek/nav/turtle_ws/src/turtlebot3_simulations', 'symlink_install': False, 'test_result_base': None}
[1.219s] INFO:colcon.colcon_core.executor:Executing jobs using 'parallel' executor
[1.229s] DEBUG:colcon.colcon_parallel_executor.executor.parallel:run_until_complete
[1.230s] INFO:colcon.colcon_ros.task.ament_cmake.build:Building ROS package in '/home/vivek/nav/turtle_ws/src/turtlebot3_fake_node' with build type 'ament_cmake'
[1.230s] INFO:colcon.colcon_cmake.task.cmake.build:Building CMake package in '/home/vivek/nav/turtle_ws/src/turtlebot3_fake_node'
[1.245s] INFO:colcon.colcon_core.plugin_system:Skipping extension 'colcon_core.shell.bat': Not used on non-Windows systems
[1.245s] INFO:colcon.colcon_core.shell:Skip shell extension 'powershell' for command environment: Not usable outside of PowerShell
[1.245s] DEBUG:colcon.colcon_core.shell:Skip shell extension 'dsv' for command environment
[1.290s] INFO:colcon.colcon_ros.task.ament_cmake.build:Building ROS package in '/home/vivek/nav/turtle_ws/src/turtlebot3_gazebo' with build type 'ament_cmake'
[1.290s] INFO:colcon.colcon_cmake.task.cmake.build:Building CMake package in '/home/vivek/nav/turtle_ws/src/turtlebot3_gazebo'
[1.301s] INFO:colcon.colcon_core.shell:Skip shell extension 'powershell' for command environment: Not usable outside of PowerShell
[1.301s] DEBUG:colcon.colcon_core.shell:Skip shell extension 'dsv' for command environment
[1.349s] DEBUG:colcon.colcon_core.event_handler.log_command:Invoking command in '/home/vivek/nav/turtle_ws/build/turtlebot3_fake_node': CMAKE_PREFIX_PATH=${CMAKE_PREFIX_PATH}:/opt/ros/humble /usr/bin/cmake /home/vivek/nav/turtle_ws/src/turtlebot3_fake_node -DCMAKE_INSTALL_PREFIX=/home/vivek/nav/turtle_ws/install/turtlebot3_fake_node
[1.354s] DEBUG:colcon.colcon_core.event_handler.log_command:Invoking command in '/home/vivek/nav/turtle_ws/build/turtlebot3_gazebo': CMAKE_PREFIX_PATH=${CMAKE_PREFIX_PATH}:/opt/ros/humble /usr/bin/cmake /home/vivek/nav/turtle_ws/src/turtlebot3_gazebo -DCMAKE_INSTALL_PREFIX=/home/vivek/nav/turtle_ws/install/turtlebot3_gazebo
[2.841s] DEBUG:colcon.colcon_core.event_handler.log_command:Invoked command in '/home/vivek/nav/turtle_ws/build/turtlebot3_fake_node' returned '0': CMAKE_PREFIX_PATH=${CMAKE_PREFIX_PATH}:/opt/ros/humble /usr/bin/cmake /home/vivek/nav/turtle_ws/src/turtlebot3_fake_node -DCMAKE_INSTALL_PREFIX=/home/vivek/nav/turtle_ws/install/turtlebot3_fake_node
[2.843s] DEBUG:colcon.colcon_core.event_handler.log_command:Invoking command in '/home/vivek/nav/turtle_ws/build/turtlebot3_fake_node': CMAKE_PREFIX_PATH=${CMAKE_PREFIX_PATH}:/opt/ros/humble /usr/bin/cmake --build /home/vivek/nav/turtle_ws/build/turtlebot3_fake_node -- -j8 -l8
[3.382s] DEBUG:colcon.colcon_core.event_handler.log_command:Invoked command in '/home/vivek/nav/turtle_ws/build/turtlebot3_gazebo' returned '0': CMAKE_PREFIX_PATH=${CMAKE_PREFIX_PATH}:/opt/ros/humble /usr/bin/cmake /home/vivek/nav/turtle_ws/src/turtlebot3_gazebo -DCMAKE_INSTALL_PREFIX=/home/vivek/nav/turtle_ws/install/turtlebot3_gazebo
[3.383s] DEBUG:colcon.colcon_core.event_handler.log_command:Invoking command in '/home/vivek/nav/turtle_ws/build/turtlebot3_gazebo': CMAKE_PREFIX_PATH=${CMAKE_PREFIX_PATH}:/opt/ros/humble /usr/bin/cmake --build /home/vivek/nav/turtle_ws/build/turtlebot3_gazebo -- -j8 -l8
[18.235s] DEBUG:colcon.colcon_core.event_handler.log_command:Invoked command in '/home/vivek/nav/turtle_ws/build/turtlebot3_fake_node' returned '0': CMAKE_PREFIX_PATH=${CMAKE_PREFIX_PATH}:/opt/ros/humble /usr/bin/cmake --build /home/vivek/nav/turtle_ws/build/turtlebot3_fake_node -- -j8 -l8
[18.276s] DEBUG:colcon.colcon_core.event_handler.log_command:Invoking command in '/home/vivek/nav/turtle_ws/build/turtlebot3_fake_node': CMAKE_PREFIX_PATH=${CMAKE_PREFIX_PATH}:/opt/ros/humble /usr/bin/cmake --install /home/vivek/nav/turtle_ws/build/turtlebot3_fake_node
[18.297s] Level 1:colcon.colcon_core.environment:create_environment_scripts_only(turtlebot3_fake_node)
[18.298s] DEBUG:colcon.colcon_core.event_handler.log_command:Invoked command in '/home/vivek/nav/turtle_ws/build/turtlebot3_fake_node' returned '0': CMAKE_PREFIX_PATH=${CMAKE_PREFIX_PATH}:/opt/ros/humble /usr/bin/cmake --install /home/vivek/nav/turtle_ws/build/turtlebot3_fake_node
[18.321s] Level 1:colcon.colcon_core.environment:checking '/home/vivek/nav/turtle_ws/install/turtlebot3_fake_node' for CMake module files
[18.321s] Level 1:colcon.colcon_core.environment:checking '/home/vivek/nav/turtle_ws/install/turtlebot3_fake_node' for CMake config files
[18.321s] Level 1:colcon.colcon_core.shell:create_environment_hook('turtlebot3_fake_node', 'cmake_prefix_path')
[18.337s] INFO:colcon.colcon_core.shell:Creating environment hook '/home/vivek/nav/turtle_ws/install/turtlebot3_fake_node/share/turtlebot3_fake_node/hook/cmake_prefix_path.ps1'
[18.338s] INFO:colcon.colcon_core.shell:Creating environment descriptor '/home/vivek/nav/turtle_ws/install/turtlebot3_fake_node/share/turtlebot3_fake_node/hook/cmake_prefix_path.dsv'
[18.339s] INFO:colcon.colcon_core.shell:Creating environment hook '/home/vivek/nav/turtle_ws/install/turtlebot3_fake_node/share/turtlebot3_fake_node/hook/cmake_prefix_path.sh'
[18.339s] Level 1:colcon.colcon_core.environment:checking '/home/vivek/nav/turtle_ws/install/turtlebot3_fake_node/lib'
[18.340s] Level 1:colcon.colcon_core.environment:checking '/home/vivek/nav/turtle_ws/install/turtlebot3_fake_node/bin'
[18.340s] Level 1:colcon.colcon_core.environment:checking '/home/vivek/nav/turtle_ws/install/turtlebot3_fake_node/lib/pkgconfig/turtlebot3_fake_node.pc'
[18.340s] Level 1:colcon.colcon_core.environment:checking '/home/vivek/nav/turtle_ws/install/turtlebot3_fake_node/lib/python3.10/site-packages'
[18.340s] Level 1:colcon.colcon_core.environment:checking '/home/vivek/nav/turtle_ws/install/turtlebot3_fake_node/bin'
[18.357s] INFO:colcon.colcon_core.shell:Creating package script '/home/vivek/nav/turtle_ws/install/turtlebot3_fake_node/share/turtlebot3_fake_node/package.ps1'
[18.359s] INFO:colcon.colcon_core.shell:Creating package descriptor '/home/vivek/nav/turtle_ws/install/turtlebot3_fake_node/share/turtlebot3_fake_node/package.dsv'
[18.360s] INFO:colcon.colcon_core.shell:Creating package script '/home/vivek/nav/turtle_ws/install/turtlebot3_fake_node/share/turtlebot3_fake_node/package.sh'
[18.360s] INFO:colcon.colcon_core.shell:Creating package script '/home/vivek/nav/turtle_ws/install/turtlebot3_fake_node/share/turtlebot3_fake_node/package.bash'
[18.362s] INFO:colcon.colcon_core.shell:Creating package script '/home/vivek/nav/turtle_ws/install/turtlebot3_fake_node/share/turtlebot3_fake_node/package.zsh'
[18.363s] Level 1:colcon.colcon_core.environment:create_file_with_runtime_dependencies(/home/vivek/nav/turtle_ws/install/turtlebot3_fake_node/share/colcon-core/packages/turtlebot3_fake_node)
[18.413s] Level 1:colcon.colcon_core.environment:create_environment_scripts_only(turtlebot3_fake_node)
[18.437s] Level 1:colcon.colcon_core.environment:checking '/home/vivek/nav/turtle_ws/install/turtlebot3_fake_node' for CMake module files
[18.438s] Level 1:colcon.colcon_core.environment:checking '/home/vivek/nav/turtle_ws/install/turtlebot3_fake_node' for CMake config files
[18.438s] Level 1:colcon.colcon_core.shell:create_environment_hook('turtlebot3_fake_node', 'cmake_prefix_path')
[18.464s] INFO:colcon.colcon_core.shell:Creating environment hook '/home/vivek/nav/turtle_ws/install/turtlebot3_fake_node/share/turtlebot3_fake_node/hook/cmake_prefix_path.ps1'
[18.465s] INFO:colcon.colcon_core.shell:Creating environment descriptor '/home/vivek/nav/turtle_ws/install/turtlebot3_fake_node/share/turtlebot3_fake_node/hook/cmake_prefix_path.dsv'
[18.466s] INFO:colcon.colcon_core.shell:Creating environment hook '/home/vivek/nav/turtle_ws/install/turtlebot3_fake_node/share/turtlebot3_fake_node/hook/cmake_prefix_path.sh'
[18.467s] Level 1:colcon.colcon_core.environment:checking '/home/vivek/nav/turtle_ws/install/turtlebot3_fake_node/lib'
[18.467s] Level 1:colcon.colcon_core.environment:checking '/home/vivek/nav/turtle_ws/install/turtlebot3_fake_node/bin'
[18.467s] Level 1:colcon.colcon_core.environment:checking '/home/vivek/nav/turtle_ws/install/turtlebot3_fake_node/lib/pkgconfig/turtlebot3_fake_node.pc'
[18.467s] Level 1:colcon.colcon_core.environment:checking '/home/vivek/nav/turtle_ws/install/turtlebot3_fake_node/lib/python3.10/site-packages'
[18.468s] Level 1:colcon.colcon_core.environment:checking '/home/vivek/nav/turtle_ws/install/turtlebot3_fake_node/bin'
[18.495s] INFO:colcon.colcon_core.shell:Creating package script '/home/vivek/nav/turtle_ws/install/turtlebot3_fake_node/share/turtlebot3_fake_node/package.ps1'
[18.496s] INFO:colcon.colcon_core.shell:Creating package descriptor '/home/vivek/nav/turtle_ws/install/turtlebot3_fake_node/share/turtlebot3_fake_node/package.dsv'
[18.497s] INFO:colcon.colcon_core.shell:Creating package script '/home/vivek/nav/turtle_ws/install/turtlebot3_fake_node/share/turtlebot3_fake_node/package.sh'
[18.498s] INFO:colcon.colcon_core.shell:Creating package script '/home/vivek/nav/turtle_ws/install/turtlebot3_fake_node/share/turtlebot3_fake_node/package.bash'
[18.498s] INFO:colcon.colcon_core.shell:Creating package script '/home/vivek/nav/turtle_ws/install/turtlebot3_fake_node/share/turtlebot3_fake_node/package.zsh'
[18.499s] Level 1:colcon.colcon_core.environment:create_file_with_runtime_dependencies(/home/vivek/nav/turtle_ws/install/turtlebot3_fake_node/share/colcon-core/packages/turtlebot3_fake_node)
[22.054s] DEBUG:colcon.colcon_core.event_handler.log_command:Invoked command in '/home/vivek/nav/turtle_ws/build/turtlebot3_gazebo' returned '0': CMAKE_PREFIX_PATH=${CMAKE_PREFIX_PATH}:/opt/ros/humble /usr/bin/cmake --build /home/vivek/nav/turtle_ws/build/turtlebot3_gazebo -- -j8 -l8
[22.085s] DEBUG:colcon.colcon_core.event_handler.log_command:Invoking command in '/home/vivek/nav/turtle_ws/build/turtlebot3_gazebo': CMAKE_PREFIX_PATH=${CMAKE_PREFIX_PATH}:/opt/ros/humble /usr/bin/cmake --install /home/vivek/nav/turtle_ws/build/turtlebot3_gazebo
[22.112s] Level 1:colcon.colcon_core.environment:create_environment_scripts_only(turtlebot3_gazebo)
[22.112s] DEBUG:colcon.colcon_core.event_handler.log_command:Invoked command in '/home/vivek/nav/turtle_ws/build/turtlebot3_gazebo' returned '0': CMAKE_PREFIX_PATH=${CMAKE_PREFIX_PATH}:/opt/ros/humble /usr/bin/cmake --install /home/vivek/nav/turtle_ws/build/turtlebot3_gazebo
[22.124s] Level 1:colcon.colcon_core.environment:checking '/home/vivek/nav/turtle_ws/install/turtlebot3_gazebo' for CMake module files
[22.124s] Level 1:colcon.colcon_core.environment:checking '/home/vivek/nav/turtle_ws/install/turtlebot3_gazebo' for CMake config files
[22.125s] Level 1:colcon.colcon_core.shell:create_environment_hook('turtlebot3_gazebo', 'cmake_prefix_path')
[22.135s] INFO:colcon.colcon_core.shell:Creating environment hook '/home/vivek/nav/turtle_ws/install/turtlebot3_gazebo/share/turtlebot3_gazebo/hook/cmake_prefix_path.ps1'
[22.136s] INFO:colcon.colcon_core.shell:Creating environment descriptor '/home/vivek/nav/turtle_ws/install/turtlebot3_gazebo/share/turtlebot3_gazebo/hook/cmake_prefix_path.dsv'
[22.136s] INFO:colcon.colcon_core.shell:Creating environment hook '/home/vivek/nav/turtle_ws/install/turtlebot3_gazebo/share/turtlebot3_gazebo/hook/cmake_prefix_path.sh'
[22.136s] Level 1:colcon.colcon_core.environment:checking '/home/vivek/nav/turtle_ws/install/turtlebot3_gazebo/lib'
[22.136s] Level 1:colcon.colcon_core.environment:checking '/home/vivek/nav/turtle_ws/install/turtlebot3_gazebo/bin'
[22.136s] Level 1:colcon.colcon_core.environment:checking '/home/vivek/nav/turtle_ws/install/turtlebot3_gazebo/lib/pkgconfig/turtlebot3_gazebo.pc'
[22.136s] Level 1:colcon.colcon_core.environment:checking '/home/vivek/nav/turtle_ws/install/turtlebot3_gazebo/lib/python3.10/site-packages'
[22.136s] Level 1:colcon.colcon_core.environment:checking '/home/vivek/nav/turtle_ws/install/turtlebot3_gazebo/bin'
[22.147s] INFO:colcon.colcon_core.shell:Creating package script '/home/vivek/nav/turtle_ws/install/turtlebot3_gazebo/share/turtlebot3_gazebo/package.ps1'
[22.147s] INFO:colcon.colcon_core.shell:Creating package descriptor '/home/vivek/nav/turtle_ws/install/turtlebot3_gazebo/share/turtlebot3_gazebo/package.dsv'
[22.147s] INFO:colcon.colcon_core.shell:Creating package script '/home/vivek/nav/turtle_ws/install/turtlebot3_gazebo/share/turtlebot3_gazebo/package.sh'
[22.147s] INFO:colcon.colcon_core.shell:Creating package script '/home/vivek/nav/turtle_ws/install/turtlebot3_gazebo/share/turtlebot3_gazebo/package.bash'
[22.148s] INFO:colcon.colcon_core.shell:Creating package script '/home/vivek/nav/turtle_ws/install/turtlebot3_gazebo/share/turtlebot3_gazebo/package.zsh'
[22.148s] Level 1:colcon.colcon_core.environment:create_file_with_runtime_dependencies(/home/vivek/nav/turtle_ws/install/turtlebot3_gazebo/share/colcon-core/packages/turtlebot3_gazebo)
[22.189s] Level 1:colcon.colcon_core.environment:create_environment_scripts_only(turtlebot3_gazebo)
[22.200s] Level 1:colcon.colcon_core.environment:checking '/home/vivek/nav/turtle_ws/install/turtlebot3_gazebo' for CMake module files
[22.200s] Level 1:colcon.colcon_core.environment:checking '/home/vivek/nav/turtle_ws/install/turtlebot3_gazebo' for CMake config files
[22.200s] Level 1:colcon.colcon_core.shell:create_environment_hook('turtlebot3_gazebo', 'cmake_prefix_path')
[22.211s] INFO:colcon.colcon_core.shell:Creating environment hook '/home/vivek/nav/turtle_ws/install/turtlebot3_gazebo/share/turtlebot3_gazebo/hook/cmake_prefix_path.ps1'
[22.211s] INFO:colcon.colcon_core.shell:Creating environment descriptor '/home/vivek/nav/turtle_ws/install/turtlebot3_gazebo/share/turtlebot3_gazebo/hook/cmake_prefix_path.dsv'
[22.211s] INFO:colcon.colcon_core.shell:Creating environment hook '/home/vivek/nav/turtle_ws/install/turtlebot3_gazebo/share/turtlebot3_gazebo/hook/cmake_prefix_path.sh'
[22.212s] Level 1:colcon.colcon_core.environment:checking '/home/vivek/nav/turtle_ws/install/turtlebot3_gazebo/lib'
[22.212s] Level 1:colcon.colcon_core.environment:checking '/home/vivek/nav/turtle_ws/install/turtlebot3_gazebo/bin'
[22.212s] Level 1:colcon.colcon_core.environment:checking '/home/vivek/nav/turtle_ws/install/turtlebot3_gazebo/lib/pkgconfig/turtlebot3_gazebo.pc'
[22.212s] Level 1:colcon.colcon_core.environment:checking '/home/vivek/nav/turtle_ws/install/turtlebot3_gazebo/lib/python3.10/site-packages'
[22.212s] Level 1:colcon.colcon_core.environment:checking '/home/vivek/nav/turtle_ws/install/turtlebot3_gazebo/bin'
[22.222s] INFO:colcon.colcon_core.shell:Creating package script '/home/vivek/nav/turtle_ws/install/turtlebot3_gazebo/share/turtlebot3_gazebo/package.ps1'
[22.223s] INFO:colcon.colcon_core.shell:Creating package descriptor '/home/vivek/nav/turtle_ws/install/turtlebot3_gazebo/share/turtlebot3_gazebo/package.dsv'
[22.223s] INFO:colcon.colcon_core.shell:Creating package script '/home/vivek/nav/turtle_ws/install/turtlebot3_gazebo/share/turtlebot3_gazebo/package.sh'
[22.223s] INFO:colcon.colcon_core.shell:Creating package script '/home/vivek/nav/turtle_ws/install/turtlebot3_gazebo/share/turtlebot3_gazebo/package.bash'
[22.224s] INFO:colcon.colcon_core.shell:Creating package script '/home/vivek/nav/turtle_ws/install/turtlebot3_gazebo/share/turtlebot3_gazebo/package.zsh'
[22.224s] Level 1:colcon.colcon_core.environment:create_file_with_runtime_dependencies(/home/vivek/nav/turtle_ws/install/turtlebot3_gazebo/share/colcon-core/packages/turtlebot3_gazebo)
[22.224s] INFO:colcon.colcon_ros.task.ament_cmake.build:Building ROS package in '/home/vivek/nav/turtle_ws/src/turtlebot3_simulations' with build type 'ament_cmake'
[22.224s] INFO:colcon.colcon_cmake.task.cmake.build:Building CMake package in '/home/vivek/nav/turtle_ws/src/turtlebot3_simulations'
[22.236s] INFO:colcon.colcon_core.shell:Skip shell extension 'powershell' for command environment: Not usable outside of PowerShell
[22.236s] DEBUG:colcon.colcon_core.shell:Skip shell extension 'dsv' for command environment
[22.286s] DEBUG:colcon.colcon_core.event_handler.log_command:Invoking command in '/home/vivek/nav/turtle_ws/build/turtlebot3_simulations': AMENT_PREFIX_PATH=/home/vivek/nav/turtle_ws/install/turtlebot3_gazebo:/home/vivek/nav/turtle_ws/install/turtlebot3_fake_node:${AMENT_PREFIX_PATH} CMAKE_PREFIX_PATH=/home/vivek/nav/turtle_ws/install/turtlebot3_gazebo:/home/vivek/nav/turtle_ws/install/turtlebot3_fake_node:/home/vivek/turtlebot3_nav_ws/install/turtlebot3_simulations:/home/vivek/turtlebot3_nav_ws/install/turtlebot3_gazebo:/home/vivek/turtlebot3_nav_ws/install/turtlebot3_fake_node:/home/vivek/eyantra_ws/install/ur5_moveit:/home/vivek/eyantra_ws/install/ur_description:/home/vivek/eyantra_ws/install/realsense_gazebo_plugin:/home/vivek/eyantra_ws/install/pymoveit2:/home/vivek/eyantra_ws/install/linkattacher_msgs:/home/vivek/eyantra_ws/install/gazebo_ros2_control:/home/vivek/eyantra_ws/install/eyantra_warehouse:/home/vivek/eyantra_ws/install/ebot_nav2:/home/vivek/eyantra_ws/install/ebot_description:/home/vivek/eyantra_ws/install/ebot_docking:/home/vivek/eyantra_ws/install/aws_robomaker_small_warehouse_world:/opt/ros/humble /usr/bin/cmake /home/vivek/nav/turtle_ws/src/turtlebot3_simulations -DCMAKE_INSTALL_PREFIX=/home/vivek/nav/turtle_ws/install/turtlebot3_simulations
[22.806s] DEBUG:colcon.colcon_core.event_handler.log_command:Invoked command in '/home/vivek/nav/turtle_ws/build/turtlebot3_simulations' returned '0': AMENT_PREFIX_PATH=/home/vivek/nav/turtle_ws/install/turtlebot3_gazebo:/home/vivek/nav/turtle_ws/install/turtlebot3_fake_node:${AMENT_PREFIX_PATH} CMAKE_PREFIX_PATH=/home/vivek/nav/turtle_ws/install/turtlebot3_gazebo:/home/vivek/nav/turtle_ws/install/turtlebot3_fake_node:/home/vivek/turtlebot3_nav_ws/install/turtlebot3_simulations:/home/vivek/turtlebot3_nav_ws/install/turtlebot3_gazebo:/home/vivek/turtlebot3_nav_ws/install/turtlebot3_fake_node:/home/vivek/eyantra_ws/install/ur5_moveit:/home/vivek/eyantra_ws/install/ur_description:/home/vivek/eyantra_ws/install/realsense_gazebo_plugin:/home/vivek/eyantra_ws/install/pymoveit2:/home/vivek/eyantra_ws/install/linkattacher_msgs:/home/vivek/eyantra_ws/install/gazebo_ros2_control:/home/vivek/eyantra_ws/install/eyantra_warehouse:/home/vivek/eyantra_ws/install/ebot_nav2:/home/vivek/eyantra_ws/install/ebot_description:/home/vivek/eyantra_ws/install/ebot_docking:/home/vivek/eyantra_ws/install/aws_robomaker_small_warehouse_world:/opt/ros/humble /usr/bin/cmake /home/vivek/nav/turtle_ws/src/turtlebot3_simulations -DCMAKE_INSTALL_PREFIX=/home/vivek/nav/turtle_ws/install/turtlebot3_simulations
[22.807s] DEBUG:colcon.colcon_core.event_handler.log_command:Invoking command in '/home/vivek/nav/turtle_ws/build/turtlebot3_simulations': AMENT_PREFIX_PATH=/home/vivek/nav/turtle_ws/install/turtlebot3_gazebo:/home/vivek/nav/turtle_ws/install/turtlebot3_fake_node:${AMENT_PREFIX_PATH} CMAKE_PREFIX_PATH=/home/vivek/nav/turtle_ws/install/turtlebot3_gazebo:/home/vivek/nav/turtle_ws/install/turtlebot3_fake_node:/home/vivek/turtlebot3_nav_ws/install/turtlebot3_simulations:/home/vivek/turtlebot3_nav_ws/install/turtlebot3_gazebo:/home/vivek/turtlebot3_nav_ws/install/turtlebot3_fake_node:/home/vivek/eyantra_ws/install/ur5_moveit:/home/vivek/eyantra_ws/install/ur_description:/home/vivek/eyantra_ws/install/realsense_gazebo_plugin:/home/vivek/eyantra_ws/install/pymoveit2:/home/vivek/eyantra_ws/install/linkattacher_msgs:/home/vivek/eyantra_ws/install/gazebo_ros2_control:/home/vivek/eyantra_ws/install/eyantra_warehouse:/home/vivek/eyantra_ws/install/ebot_nav2:/home/vivek/eyantra_ws/install/ebot_description:/home/vivek/eyantra_ws/install/ebot_docking:/home/vivek/eyantra_ws/install/aws_robomaker_small_warehouse_world:/opt/ros/humble /usr/bin/cmake --build /home/vivek/nav/turtle_ws/build/turtlebot3_simulations -- -j8 -l8
[22.839s] DEBUG:colcon.colcon_core.event_handler.log_command:Invoked command in '/home/vivek/nav/turtle_ws/build/turtlebot3_simulations' returned '0': AMENT_PREFIX_PATH=/home/vivek/nav/turtle_ws/install/turtlebot3_gazebo:/home/vivek/nav/turtle_ws/install/turtlebot3_fake_node:${AMENT_PREFIX_PATH} CMAKE_PREFIX_PATH=/home/vivek/nav/turtle_ws/install/turtlebot3_gazebo:/home/vivek/nav/turtle_ws/install/turtlebot3_fake_node:/home/vivek/turtlebot3_nav_ws/install/turtlebot3_simulations:/home/vivek/turtlebot3_nav_ws/install/turtlebot3_gazebo:/home/vivek/turtlebot3_nav_ws/install/turtlebot3_fake_node:/home/vivek/eyantra_ws/install/ur5_moveit:/home/vivek/eyantra_ws/install/ur_description:/home/vivek/eyantra_ws/install/realsense_gazebo_plugin:/home/vivek/eyantra_ws/install/pymoveit2:/home/vivek/eyantra_ws/install/linkattacher_msgs:/home/vivek/eyantra_ws/install/gazebo_ros2_control:/home/vivek/eyantra_ws/install/eyantra_warehouse:/home/vivek/eyantra_ws/install/ebot_nav2:/home/vivek/eyantra_ws/install/ebot_description:/home/vivek/eyantra_ws/install/ebot_docking:/home/vivek/eyantra_ws/install/aws_robomaker_small_warehouse_world:/opt/ros/humble /usr/bin/cmake --build /home/vivek/nav/turtle_ws/build/turtlebot3_simulations -- -j8 -l8
[22.862s] DEBUG:colcon.colcon_core.event_handler.log_command:Invoking command in '/home/vivek/nav/turtle_ws/build/turtlebot3_simulations': AMENT_PREFIX_PATH=/home/vivek/nav/turtle_ws/install/turtlebot3_gazebo:/home/vivek/nav/turtle_ws/install/turtlebot3_fake_node:${AMENT_PREFIX_PATH} CMAKE_PREFIX_PATH=/home/vivek/nav/turtle_ws/install/turtlebot3_gazebo:/home/vivek/nav/turtle_ws/install/turtlebot3_fake_node:/home/vivek/turtlebot3_nav_ws/install/turtlebot3_simulations:/home/vivek/turtlebot3_nav_ws/install/turtlebot3_gazebo:/home/vivek/turtlebot3_nav_ws/install/turtlebot3_fake_node:/home/vivek/eyantra_ws/install/ur5_moveit:/home/vivek/eyantra_ws/install/ur_description:/home/vivek/eyantra_ws/install/realsense_gazebo_plugin:/home/vivek/eyantra_ws/install/pymoveit2:/home/vivek/eyantra_ws/install/linkattacher_msgs:/home/vivek/eyantra_ws/install/gazebo_ros2_control:/home/vivek/eyantra_ws/install/eyantra_warehouse:/home/vivek/eyantra_ws/install/ebot_nav2:/home/vivek/eyantra_ws/install/ebot_description:/home/vivek/eyantra_ws/install/ebot_docking:/home/vivek/eyantra_ws/install/aws_robomaker_small_warehouse_world:/opt/ros/humble /usr/bin/cmake --install /home/vivek/nav/turtle_ws/build/turtlebot3_simulations
[22.874s] Level 1:colcon.colcon_core.environment:create_environment_scripts_only(turtlebot3_simulations)
[22.875s] DEBUG:colcon.colcon_core.event_handler.log_command:Invoked command in '/home/vivek/nav/turtle_ws/build/turtlebot3_simulations' returned '0': AMENT_PREFIX_PATH=/home/vivek/nav/turtle_ws/install/turtlebot3_gazebo:/home/vivek/nav/turtle_ws/install/turtlebot3_fake_node:${AMENT_PREFIX_PATH} CMAKE_PREFIX_PATH=/home/vivek/nav/turtle_ws/install/turtlebot3_gazebo:/home/vivek/nav/turtle_ws/install/turtlebot3_fake_node:/home/vivek/turtlebot3_nav_ws/install/turtlebot3_simulations:/home/vivek/turtlebot3_nav_ws/install/turtlebot3_gazebo:/home/vivek/turtlebot3_nav_ws/install/turtlebot3_fake_node:/home/vivek/eyantra_ws/install/ur5_moveit:/home/vivek/eyantra_ws/install/ur_description:/home/vivek/eyantra_ws/install/realsense_gazebo_plugin:/home/vivek/eyantra_ws/install/pymoveit2:/home/vivek/eyantra_ws/install/linkattacher_msgs:/home/vivek/eyantra_ws/install/gazebo_ros2_control:/home/vivek/eyantra_ws/install/eyantra_warehouse:/home/vivek/eyantra_ws/install/ebot_nav2:/home/vivek/eyantra_ws/install/ebot_description:/home/vivek/eyantra_ws/install/ebot_docking:/home/vivek/eyantra_ws/install/aws_robomaker_small_warehouse_world:/opt/ros/humble /usr/bin/cmake --install /home/vivek/nav/turtle_ws/build/turtlebot3_simulations
[22.887s] Level 1:colcon.colcon_core.environment:checking '/home/vivek/nav/turtle_ws/install/turtlebot3_simulations' for CMake module files
[22.887s] Level 1:colcon.colcon_core.environment:checking '/home/vivek/nav/turtle_ws/install/turtlebot3_simulations' for CMake config files
[22.888s] Level 1:colcon.colcon_core.shell:create_environment_hook('turtlebot3_simulations', 'cmake_prefix_path')
[22.898s] INFO:colcon.colcon_core.shell:Creating environment hook '/home/vivek/nav/turtle_ws/install/turtlebot3_simulations/share/turtlebot3_simulations/hook/cmake_prefix_path.ps1'
[22.898s] INFO:colcon.colcon_core.shell:Creating environment descriptor '/home/vivek/nav/turtle_ws/install/turtlebot3_simulations/share/turtlebot3_simulations/hook/cmake_prefix_path.dsv'
[22.899s] INFO:colcon.colcon_core.shell:Creating environment hook '/home/vivek/nav/turtle_ws/install/turtlebot3_simulations/share/turtlebot3_simulations/hook/cmake_prefix_path.sh'
[22.899s] Level 1:colcon.colcon_core.environment:checking '/home/vivek/nav/turtle_ws/install/turtlebot3_simulations/bin'
[22.899s] Level 1:colcon.colcon_core.environment:checking '/home/vivek/nav/turtle_ws/install/turtlebot3_simulations/lib/pkgconfig/turtlebot3_simulations.pc'
[22.899s] Level 1:colcon.colcon_core.environment:checking '/home/vivek/nav/turtle_ws/install/turtlebot3_simulations/lib/python3.10/site-packages'
[22.899s] Level 1:colcon.colcon_core.environment:checking '/home/vivek/nav/turtle_ws/install/turtlebot3_simulations/bin'
[22.909s] INFO:colcon.colcon_core.shell:Creating package script '/home/vivek/nav/turtle_ws/install/turtlebot3_simulations/share/turtlebot3_simulations/package.ps1'
[22.910s] INFO:colcon.colcon_core.shell:Creating package descriptor '/home/vivek/nav/turtle_ws/install/turtlebot3_simulations/share/turtlebot3_simulations/package.dsv'
[22.910s] INFO:colcon.colcon_core.shell:Creating package script '/home/vivek/nav/turtle_ws/install/turtlebot3_simulations/share/turtlebot3_simulations/package.sh'
[22.910s] INFO:colcon.colcon_core.shell:Creating package script '/home/vivek/nav/turtle_ws/install/turtlebot3_simulations/share/turtlebot3_simulations/package.bash'
[22.910s] INFO:colcon.colcon_core.shell:Creating package script '/home/vivek/nav/turtle_ws/install/turtlebot3_simulations/share/turtlebot3_simulations/package.zsh'
[22.910s] Level 1:colcon.colcon_core.environment:create_file_with_runtime_dependencies(/home/vivek/nav/turtle_ws/install/turtlebot3_simulations/share/colcon-core/packages/turtlebot3_simulations)
[22.940s] Level 1:colcon.colcon_core.environment:create_environment_scripts_only(turtlebot3_simulations)
[22.951s] Level 1:colcon.colcon_core.environment:checking '/home/vivek/nav/turtle_ws/install/turtlebot3_simulations' for CMake module files
[22.951s] Level 1:colcon.colcon_core.environment:checking '/home/vivek/nav/turtle_ws/install/turtlebot3_simulations' for CMake config files
[22.951s] Level 1:colcon.colcon_core.shell:create_environment_hook('turtlebot3_simulations', 'cmake_prefix_path')
[22.961s] INFO:colcon.colcon_core.shell:Creating environment hook '/home/vivek/nav/turtle_ws/install/turtlebot3_simulations/share/turtlebot3_simulations/hook/cmake_prefix_path.ps1'
[22.962s] INFO:colcon.colcon_core.shell:Creating environment descriptor '/home/vivek/nav/turtle_ws/install/turtlebot3_simulations/share/turtlebot3_simulations/hook/cmake_prefix_path.dsv'
[22.962s] INFO:colcon.colcon_core.shell:Creating environment hook '/home/vivek/nav/turtle_ws/install/turtlebot3_simulations/share/turtlebot3_simulations/hook/cmake_prefix_path.sh'
[22.962s] Level 1:colcon.colcon_core.environment:checking '/home/vivek/nav/turtle_ws/install/turtlebot3_simulations/bin'
[22.962s] Level 1:colcon.colcon_core.environment:checking '/home/vivek/nav/turtle_ws/install/turtlebot3_simulations/lib/pkgconfig/turtlebot3_simulations.pc'
[22.962s] Level 1:colcon.colcon_core.environment:checking '/home/vivek/nav/turtle_ws/install/turtlebot3_simulations/lib/python3.10/site-packages'
[22.963s] Level 1:colcon.colcon_core.environment:checking '/home/vivek/nav/turtle_ws/install/turtlebot3_simulations/bin'
[22.973s] INFO:colcon.colcon_core.shell:Creating package script '/home/vivek/nav/turtle_ws/install/turtlebot3_simulations/share/turtlebot3_simulations/package.ps1'
[22.973s] INFO:colcon.colcon_core.shell:Creating package descriptor '/home/vivek/nav/turtle_ws/install/turtlebot3_simulations/share/turtlebot3_simulations/package.dsv'
[22.974s] INFO:colcon.colcon_core.shell:Creating package script '/home/vivek/nav/turtle_ws/install/turtlebot3_simulations/share/turtlebot3_simulations/package.sh'
[22.974s] INFO:colcon.colcon_core.shell:Creating package script '/home/vivek/nav/turtle_ws/install/turtlebot3_simulations/share/turtlebot3_simulations/package.bash'
[22.974s] INFO:colcon.colcon_core.shell:Creating package script '/home/vivek/nav/turtle_ws/install/turtlebot3_simulations/share/turtlebot3_simulations/package.zsh'
[22.974s] Level 1:colcon.colcon_core.environment:create_file_with_runtime_dependencies(/home/vivek/nav/turtle_ws/install/turtlebot3_simulations/share/colcon-core/packages/turtlebot3_simulations)
[22.975s] DEBUG:colcon.colcon_parallel_executor.executor.parallel:closing loop
[22.975s] DEBUG:colcon.colcon_parallel_executor.executor.parallel:loop closed
[22.975s] DEBUG:colcon.colcon_parallel_executor.executor.parallel:run_until_complete finished with '0'
[22.975s] DEBUG:colcon.colcon_core.event_reactor:joining thread
[22.992s] INFO:colcon.colcon_core.plugin_system:Skipping extension 'colcon_notification.desktop_notification.terminal_notifier': Not used on non-Darwin systems
[22.992s] INFO:colcon.colcon_core.plugin_system:Skipping extension 'colcon_notification.desktop_notification.win32': Not used on non-Windows systems
[22.992s] INFO:colcon.colcon_notification.desktop_notification:Sending desktop notification using 'notify2'
[22.999s] DEBUG:colcon.colcon_core.event_reactor:joined thread
[23.010s] INFO:colcon.colcon_core.shell:Creating prefix script '/home/vivek/nav/turtle_ws/install/local_setup.ps1'
[23.011s] INFO:colcon.colcon_core.shell:Creating prefix util module '/home/vivek/nav/turtle_ws/install/_local_setup_util_ps1.py'
[23.011s] INFO:colcon.colcon_core.shell:Creating prefix chain script '/home/vivek/nav/turtle_ws/install/setup.ps1'
[23.023s] INFO:colcon.colcon_core.shell:Creating prefix script '/home/vivek/nav/turtle_ws/install/local_setup.sh'
[23.023s] INFO:colcon.colcon_core.shell:Creating prefix util module '/home/vivek/nav/turtle_ws/install/_local_setup_util_sh.py'
[23.024s] INFO:colcon.colcon_core.shell:Creating prefix chain script '/home/vivek/nav/turtle_ws/install/setup.sh'
[23.035s] INFO:colcon.colcon_core.shell:Creating prefix script '/home/vivek/nav/turtle_ws/install/local_setup.bash'
[23.035s] INFO:colcon.colcon_core.shell:Creating prefix chain script '/home/vivek/nav/turtle_ws/install/setup.bash'
[23.056s] INFO:colcon.colcon_core.shell:Creating prefix script '/home/vivek/nav/turtle_ws/install/local_setup.zsh'
[23.057s] INFO:colcon.colcon_core.shell:Creating prefix chain script '/home/vivek/nav/turtle_ws/install/setup.zsh'
