[0.061s] Invoking command in '/home/vivek/nav/turtle_ws/build/turtlebot3_simulations': AMENT_PREFIX_PATH=/home/vivek/nav/turtle_ws/install/turtlebot3_gazebo:/home/vivek/nav/turtle_ws/install/turtlebot3_fake_node:${AMENT_PREFIX_PATH} CMAKE_PREFIX_PATH=/home/vivek/nav/turtle_ws/install/turtlebot3_gazebo:/home/vivek/nav/turtle_ws/install/turtlebot3_fake_node:/home/vivek/turtlebot3_nav_ws/install/turtlebot3_simulations:/home/vivek/turtlebot3_nav_ws/install/turtlebot3_gazebo:/home/vivek/turtlebot3_nav_ws/install/turtlebot3_fake_node:/home/vivek/eyantra_ws/install/ur5_moveit:/home/vivek/eyantra_ws/install/ur_description:/home/vivek/eyantra_ws/install/realsense_gazebo_plugin:/home/vivek/eyantra_ws/install/pymoveit2:/home/vivek/eyantra_ws/install/linkattacher_msgs:/home/vivek/eyantra_ws/install/gazebo_ros2_control:/home/vivek/eyantra_ws/install/eyantra_warehouse:/home/vivek/eyantra_ws/install/ebot_nav2:/home/vivek/eyantra_ws/install/ebot_description:/home/vivek/eyantra_ws/install/ebot_docking:/home/vivek/eyantra_ws/install/aws_robomaker_small_warehouse_world:/opt/ros/humble /usr/bin/cmake /home/vivek/nav/turtle_ws/src/turtlebot3_simulations -DCMAKE_INSTALL_PREFIX=/home/vivek/nav/turtle_ws/install/turtlebot3_simulations
[0.146s] -- The C compiler identification is GNU 11.4.0
[0.200s] -- The CXX compiler identification is GNU 11.4.0
[0.207s] -- Detecting C compiler ABI info
[0.263s] -- Detecting C compiler ABI info - done
[0.268s] -- Check for working C compiler: /usr/lib/ccache/cc - skipped
[0.269s] -- Detecting C compile features
[0.269s] -- Detecting C compile features - done
[0.271s] -- Detecting CXX compiler ABI info
[0.330s] -- Detecting CXX compiler ABI info - done
[0.335s] -- Check for working CXX compiler: /usr/lib/ccache/c++ - skipped
[0.335s] -- Detecting CXX compile features
[0.335s] -- Detecting CXX compile features - done
[0.338s] -- Found ament_cmake: 1.3.8 (/opt/ros/humble/share/ament_cmake/cmake)
[0.454s] -- Found Python3: /usr/bin/python3 (found version "3.10.12") found components: Interpreter 
[0.575s] -- Configuring done
[0.576s] -- Generating done
[0.577s] -- Build files have been written to: /home/vivek/nav/turtle_ws/build/turtlebot3_simulations
[0.581s] Invoked command in '/home/vivek/nav/turtle_ws/build/turtlebot3_simulations' returned '0': AMENT_PREFIX_PATH=/home/vivek/nav/turtle_ws/install/turtlebot3_gazebo:/home/vivek/nav/turtle_ws/install/turtlebot3_fake_node:${AMENT_PREFIX_PATH} CMAKE_PREFIX_PATH=/home/vivek/nav/turtle_ws/install/turtlebot3_gazebo:/home/vivek/nav/turtle_ws/install/turtlebot3_fake_node:/home/vivek/turtlebot3_nav_ws/install/turtlebot3_simulations:/home/vivek/turtlebot3_nav_ws/install/turtlebot3_gazebo:/home/vivek/turtlebot3_nav_ws/install/turtlebot3_fake_node:/home/vivek/eyantra_ws/install/ur5_moveit:/home/vivek/eyantra_ws/install/ur_description:/home/vivek/eyantra_ws/install/realsense_gazebo_plugin:/home/vivek/eyantra_ws/install/pymoveit2:/home/vivek/eyantra_ws/install/linkattacher_msgs:/home/vivek/eyantra_ws/install/gazebo_ros2_control:/home/vivek/eyantra_ws/install/eyantra_warehouse:/home/vivek/eyantra_ws/install/ebot_nav2:/home/vivek/eyantra_ws/install/ebot_description:/home/vivek/eyantra_ws/install/ebot_docking:/home/vivek/eyantra_ws/install/aws_robomaker_small_warehouse_world:/opt/ros/humble /usr/bin/cmake /home/vivek/nav/turtle_ws/src/turtlebot3_simulations -DCMAKE_INSTALL_PREFIX=/home/vivek/nav/turtle_ws/install/turtlebot3_simulations
[0.582s] Invoking command in '/home/vivek/nav/turtle_ws/build/turtlebot3_simulations': AMENT_PREFIX_PATH=/home/vivek/nav/turtle_ws/install/turtlebot3_gazebo:/home/vivek/nav/turtle_ws/install/turtlebot3_fake_node:${AMENT_PREFIX_PATH} CMAKE_PREFIX_PATH=/home/vivek/nav/turtle_ws/install/turtlebot3_gazebo:/home/vivek/nav/turtle_ws/install/turtlebot3_fake_node:/home/vivek/turtlebot3_nav_ws/install/turtlebot3_simulations:/home/vivek/turtlebot3_nav_ws/install/turtlebot3_gazebo:/home/vivek/turtlebot3_nav_ws/install/turtlebot3_fake_node:/home/vivek/eyantra_ws/install/ur5_moveit:/home/vivek/eyantra_ws/install/ur_description:/home/vivek/eyantra_ws/install/realsense_gazebo_plugin:/home/vivek/eyantra_ws/install/pymoveit2:/home/vivek/eyantra_ws/install/linkattacher_msgs:/home/vivek/eyantra_ws/install/gazebo_ros2_control:/home/vivek/eyantra_ws/install/eyantra_warehouse:/home/vivek/eyantra_ws/install/ebot_nav2:/home/vivek/eyantra_ws/install/ebot_description:/home/vivek/eyantra_ws/install/ebot_docking:/home/vivek/eyantra_ws/install/aws_robomaker_small_warehouse_world:/opt/ros/humble /usr/bin/cmake --build /home/vivek/nav/turtle_ws/build/turtlebot3_simulations -- -j8 -l8
[0.614s] Invoked command in '/home/vivek/nav/turtle_ws/build/turtlebot3_simulations' returned '0': AMENT_PREFIX_PATH=/home/vivek/nav/turtle_ws/install/turtlebot3_gazebo:/home/vivek/nav/turtle_ws/install/turtlebot3_fake_node:${AMENT_PREFIX_PATH} CMAKE_PREFIX_PATH=/home/vivek/nav/turtle_ws/install/turtlebot3_gazebo:/home/vivek/nav/turtle_ws/install/turtlebot3_fake_node:/home/vivek/turtlebot3_nav_ws/install/turtlebot3_simulations:/home/vivek/turtlebot3_nav_ws/install/turtlebot3_gazebo:/home/vivek/turtlebot3_nav_ws/install/turtlebot3_fake_node:/home/vivek/eyantra_ws/install/ur5_moveit:/home/vivek/eyantra_ws/install/ur_description:/home/vivek/eyantra_ws/install/realsense_gazebo_plugin:/home/vivek/eyantra_ws/install/pymoveit2:/home/vivek/eyantra_ws/install/linkattacher_msgs:/home/vivek/eyantra_ws/install/gazebo_ros2_control:/home/vivek/eyantra_ws/install/eyantra_warehouse:/home/vivek/eyantra_ws/install/ebot_nav2:/home/vivek/eyantra_ws/install/ebot_description:/home/vivek/eyantra_ws/install/ebot_docking:/home/vivek/eyantra_ws/install/aws_robomaker_small_warehouse_world:/opt/ros/humble /usr/bin/cmake --build /home/vivek/nav/turtle_ws/build/turtlebot3_simulations -- -j8 -l8
[0.637s] Invoking command in '/home/vivek/nav/turtle_ws/build/turtlebot3_simulations': AMENT_PREFIX_PATH=/home/vivek/nav/turtle_ws/install/turtlebot3_gazebo:/home/vivek/nav/turtle_ws/install/turtlebot3_fake_node:${AMENT_PREFIX_PATH} CMAKE_PREFIX_PATH=/home/vivek/nav/turtle_ws/install/turtlebot3_gazebo:/home/vivek/nav/turtle_ws/install/turtlebot3_fake_node:/home/vivek/turtlebot3_nav_ws/install/turtlebot3_simulations:/home/vivek/turtlebot3_nav_ws/install/turtlebot3_gazebo:/home/vivek/turtlebot3_nav_ws/install/turtlebot3_fake_node:/home/vivek/eyantra_ws/install/ur5_moveit:/home/vivek/eyantra_ws/install/ur_description:/home/vivek/eyantra_ws/install/realsense_gazebo_plugin:/home/vivek/eyantra_ws/install/pymoveit2:/home/vivek/eyantra_ws/install/linkattacher_msgs:/home/vivek/eyantra_ws/install/gazebo_ros2_control:/home/vivek/eyantra_ws/install/eyantra_warehouse:/home/vivek/eyantra_ws/install/ebot_nav2:/home/vivek/eyantra_ws/install/ebot_description:/home/vivek/eyantra_ws/install/ebot_docking:/home/vivek/eyantra_ws/install/aws_robomaker_small_warehouse_world:/opt/ros/humble /usr/bin/cmake --install /home/vivek/nav/turtle_ws/build/turtlebot3_simulations
[0.646s] -- Install configuration: ""
[0.647s] -- Installing: /home/vivek/nav/turtle_ws/install/turtlebot3_simulations/share/ament_index/resource_index/package_run_dependencies/turtlebot3_simulations
[0.647s] -- Installing: /home/vivek/nav/turtle_ws/install/turtlebot3_simulations/share/ament_index/resource_index/parent_prefix_path/turtlebot3_simulations
[0.647s] -- Installing: /home/vivek/nav/turtle_ws/install/turtlebot3_simulations/share/turtlebot3_simulations/environment/ament_prefix_path.sh
[0.647s] -- Installing: /home/vivek/nav/turtle_ws/install/turtlebot3_simulations/share/turtlebot3_simulations/environment/ament_prefix_path.dsv
[0.647s] -- Installing: /home/vivek/nav/turtle_ws/install/turtlebot3_simulations/share/turtlebot3_simulations/environment/path.sh
[0.647s] -- Installing: /home/vivek/nav/turtle_ws/install/turtlebot3_simulations/share/turtlebot3_simulations/environment/path.dsv
[0.647s] -- Installing: /home/vivek/nav/turtle_ws/install/turtlebot3_simulations/share/turtlebot3_simulations/local_setup.bash
[0.647s] -- Installing: /home/vivek/nav/turtle_ws/install/turtlebot3_simulations/share/turtlebot3_simulations/local_setup.sh
[0.647s] -- Installing: /home/vivek/nav/turtle_ws/install/turtlebot3_simulations/share/turtlebot3_simulations/local_setup.zsh
[0.647s] -- Installing: /home/vivek/nav/turtle_ws/install/turtlebot3_simulations/share/turtlebot3_simulations/local_setup.dsv
[0.647s] -- Installing: /home/vivek/nav/turtle_ws/install/turtlebot3_simulations/share/turtlebot3_simulations/package.dsv
[0.647s] -- Installing: /home/vivek/nav/turtle_ws/install/turtlebot3_simulations/share/ament_index/resource_index/packages/turtlebot3_simulations
[0.648s] -- Installing: /home/vivek/nav/turtle_ws/install/turtlebot3_simulations/share/turtlebot3_simulations/cmake/turtlebot3_simulationsConfig.cmake
[0.648s] -- Installing: /home/vivek/nav/turtle_ws/install/turtlebot3_simulations/share/turtlebot3_simulations/cmake/turtlebot3_simulationsConfig-version.cmake
[0.648s] -- Installing: /home/vivek/nav/turtle_ws/install/turtlebot3_simulations/share/turtlebot3_simulations/package.xml
[0.650s] Invoked command in '/home/vivek/nav/turtle_ws/build/turtlebot3_simulations' returned '0': AMENT_PREFIX_PATH=/home/vivek/nav/turtle_ws/install/turtlebot3_gazebo:/home/vivek/nav/turtle_ws/install/turtlebot3_fake_node:${AMENT_PREFIX_PATH} CMAKE_PREFIX_PATH=/home/vivek/nav/turtle_ws/install/turtlebot3_gazebo:/home/vivek/nav/turtle_ws/install/turtlebot3_fake_node:/home/vivek/turtlebot3_nav_ws/install/turtlebot3_simulations:/home/vivek/turtlebot3_nav_ws/install/turtlebot3_gazebo:/home/vivek/turtlebot3_nav_ws/install/turtlebot3_fake_node:/home/vivek/eyantra_ws/install/ur5_moveit:/home/vivek/eyantra_ws/install/ur_description:/home/vivek/eyantra_ws/install/realsense_gazebo_plugin:/home/vivek/eyantra_ws/install/pymoveit2:/home/vivek/eyantra_ws/install/linkattacher_msgs:/home/vivek/eyantra_ws/install/gazebo_ros2_control:/home/vivek/eyantra_ws/install/eyantra_warehouse:/home/vivek/eyantra_ws/install/ebot_nav2:/home/vivek/eyantra_ws/install/ebot_description:/home/vivek/eyantra_ws/install/ebot_docking:/home/vivek/eyantra_ws/install/aws_robomaker_small_warehouse_world:/opt/ros/humble /usr/bin/cmake --install /home/vivek/nav/turtle_ws/build/turtlebot3_simulations
